This is pdfTeX, Version 3.141592653-2.6-1.40.23 (TeX Live 2021/W32TeX) (preloaded format=pdflatex 2021.9.20)  20 SEP 2021 12:14
entering extended mode
 restricted \write18 enabled.
 %&-line parsing enabled.
**assignment_3.tex
(./assignment_3.tex
LaTeX2e <2021-06-01> patch level 1
L3 programming layer <2021-08-27> (c:/Users/walte/AppData/Roaming/TinyTeX/texmf
-dist/tex/latex/base/article.cls
Document Class: article 2021/02/12 v1.4n Standard LaTeX document class
(c:/Users/walte/AppData/Roaming/TinyTeX/texmf-dist/tex/latex/base/size10.clo
File: size10.clo 2021/02/12 v1.4n Standard LaTeX file (size option)
)
\c@part=\count182
\c@section=\count183
\c@subsection=\count184
\c@subsubsection=\count185
\c@paragraph=\count186
\c@subparagraph=\count187
\c@figure=\count188
\c@table=\count189
\abovecaptionskip=\skip47
\belowcaptionskip=\skip48
\bibindent=\dimen138
) (c:/Users/walte/AppData/Roaming/TinyTeX/texmf-dist/tex/latex/lm/lmodern.sty
Package: lmodern 2015/05/01 v1.6.1 Latin Modern Fonts
LaTeX Font Info:    Overwriting symbol font `operators' in version `normal'
(Font)                  OT1/cmr/m/n --> OT1/lmr/m/n on input line 22.
LaTeX Font Info:    Overwriting symbol font `letters' in version `normal'
(Font)                  OML/cmm/m/it --> OML/lmm/m/it on input line 23.
LaTeX Font Info:    Overwriting symbol font `symbols' in version `normal'
(Font)                  OMS/cmsy/m/n --> OMS/lmsy/m/n on input line 24.
LaTeX Font Info:    Overwriting symbol font `largesymbols' in version `normal'
(Font)                  OMX/cmex/m/n --> OMX/lmex/m/n on input line 25.
LaTeX Font Info:    Overwriting symbol font `operators' in version `bold'
(Font)                  OT1/cmr/bx/n --> OT1/lmr/bx/n on input line 26.
LaTeX Font Info:    Overwriting symbol font `letters' in version `bold'
(Font)                  OML/cmm/b/it --> OML/lmm/b/it on input line 27.
LaTeX Font Info:    Overwriting symbol font `symbols' in version `bold'
(Font)                  OMS/cmsy/b/n --> OMS/lmsy/b/n on input line 28.
LaTeX Font Info:    Overwriting symbol font `largesymbols' in version `bold'
(Font)                  OMX/cmex/m/n --> OMX/lmex/m/n on input line 29.
LaTeX Font Info:    Overwriting math alphabet `\mathbf' in version `normal'
(Font)                  OT1/cmr/bx/n --> OT1/lmr/bx/n on input line 31.
LaTeX Font Info:    Overwriting math alphabet `\mathsf' in version `normal'
(Font)                  OT1/cmss/m/n --> OT1/lmss/m/n on input line 32.
LaTeX Font Info:    Overwriting math alphabet `\mathit' in version `normal'
(Font)                  OT1/cmr/m/it --> OT1/lmr/m/it on input line 33.
LaTeX Font Info:    Overwriting math alphabet `\mathtt' in version `normal'
(Font)                  OT1/cmtt/m/n --> OT1/lmtt/m/n on input line 34.
LaTeX Font Info:    Overwriting math alphabet `\mathbf' in version `bold'
(Font)                  OT1/cmr/bx/n --> OT1/lmr/bx/n on input line 35.
LaTeX Font Info:    Overwriting math alphabet `\mathsf' in version `bold'
(Font)                  OT1/cmss/bx/n --> OT1/lmss/bx/n on input line 36.
LaTeX Font Info:    Overwriting math alphabet `\mathit' in version `bold'
(Font)                  OT1/cmr/bx/it --> OT1/lmr/bx/it on input line 37.
LaTeX Font Info:    Overwriting math alphabet `\mathtt' in version `bold'
(Font)                  OT1/cmtt/m/n --> OT1/lmtt/m/n on input line 38.
)
(c:/Users/walte/AppData/Roaming/TinyTeX/texmf-dist/tex/latex/amsfonts/amssymb.s
ty
Package: amssymb 2013/01/14 v3.01 AMS font symbols

(c:/Users/walte/AppData/Roaming/TinyTeX/texmf-dist/tex/latex/amsfonts/amsfonts.
sty
Package: amsfonts 2013/01/14 v3.01 Basic AMSFonts support
\@emptytoks=\toks16
\symAMSa=\mathgroup4
\symAMSb=\mathgroup5
LaTeX Font Info:    Redeclaring math symbol \hbar on input line 98.
LaTeX Font Info:    Overwriting math alphabet `\mathfrak' in version `bold'
(Font)                  U/euf/m/n --> U/euf/b/n on input line 106.
))
(c:/Users/walte/AppData/Roaming/TinyTeX/texmf-dist/tex/latex/amsmath/amsmath.st
y
Package: amsmath 2021/04/20 v2.17j AMS math features
\@mathmargin=\skip49
For additional information on amsmath, use the `?' option.

(c:/Users/walte/AppData/Roaming/TinyTeX/texmf-dist/tex/latex/amsmath/amstext.st
y
Package: amstext 2000/06/29 v2.01 AMS text

(c:/Users/walte/AppData/Roaming/TinyTeX/texmf-dist/tex/latex/amsmath/amsgen.sty
File: amsgen.sty 1999/11/30 v2.0 generic functions
\@emptytoks=\toks17
\ex@=\dimen139
))
(c:/Users/walte/AppData/Roaming/TinyTeX/texmf-dist/tex/latex/amsmath/amsbsy.sty
Package: amsbsy 1999/11/29 v1.2d Bold Symbols
\pmbraise@=\dimen140
)
(c:/Users/walte/AppData/Roaming/TinyTeX/texmf-dist/tex/latex/amsmath/amsopn.sty
Package: amsopn 2016/03/08 v2.02 operator names
)
\inf@bad=\count190
LaTeX Info: Redefining \frac on input line 234.
\uproot@=\count191
\leftroot@=\count192
LaTeX Info: Redefining \overline on input line 399.
\classnum@=\count193
\DOTSCASE@=\count194
LaTeX Info: Redefining \ldots on input line 496.
LaTeX Info: Redefining \dots on input line 499.
LaTeX Info: Redefining \cdots on input line 620.
\Mathstrutbox@=\box50
\strutbox@=\box51
\big@size=\dimen141
LaTeX Font Info:    Redeclaring font encoding OML on input line 743.
LaTeX Font Info:    Redeclaring font encoding OMS on input line 744.
\macc@depth=\count195
\c@MaxMatrixCols=\count196
\dotsspace@=\muskip16
\c@parentequation=\count197
\dspbrk@lvl=\count198
\tag@help=\toks18
\row@=\count199
\column@=\count266
\maxfields@=\count267
\andhelp@=\toks19
\eqnshift@=\dimen142
\alignsep@=\dimen143
\tagshift@=\dimen144
\tagwidth@=\dimen145
\totwidth@=\dimen146
\lineht@=\dimen147
\@envbody=\toks20
\multlinegap=\skip50
\multlinetaggap=\skip51
\mathdisplay@stack=\toks21
LaTeX Info: Redefining \[ on input line 2923.
LaTeX Info: Redefining \] on input line 2924.
)
(c:/Users/walte/AppData/Roaming/TinyTeX/texmf-dist/tex/generic/iftex/ifxetex.st
y
Package: ifxetex 2019/10/25 v0.7 ifxetex legacy package. Use iftex instead.
(c:/Users/walte/AppData/Roaming/TinyTeX/texmf-dist/tex/generic/iftex/iftex.sty
Package: iftex 2020/03/06 v1.0d TeX engine tests
))
(c:/Users/walte/AppData/Roaming/TinyTeX/texmf-dist/tex/generic/iftex/ifluatex.s
ty
Package: ifluatex 2019/10/25 v1.5 ifluatex legacy package. Use iftex instead.
) (c:/Users/walte/AppData/Roaming/TinyTeX/texmf-dist/tex/latex/base/fontenc.sty
Package: fontenc 2021/04/29 v2.0v Standard LaTeX package
LaTeX Font Info:    Trying to load font information for T1+lmr on input line 11
2.
(c:/Users/walte/AppData/Roaming/TinyTeX/texmf-dist/tex/latex/lm/t1lmr.fd
File: t1lmr.fd 2015/05/01 v1.6.1 Font defs for Latin Modern
)) (c:/Users/walte/AppData/Roaming/TinyTeX/texmf-dist/tex/latex/base/inputenc.s
ty
Package: inputenc 2021/02/14 v1.3d Input encoding file
\inpenc@prehook=\toks22
\inpenc@posthook=\toks23
) (c:/Users/walte/AppData/Roaming/TinyTeX/texmf-dist/tex/latex/base/textcomp.st
y
Package: textcomp 2020/02/02 v2.0n Standard LaTeX package
) (c:/Users/walte/AppData/Roaming/TinyTeX/texmf-dist/tex/latex/xcolor/xcolor.st
y
Package: xcolor 2016/05/11 v2.12 LaTeX color extensions (UK)

(c:/Users/walte/AppData/Roaming/TinyTeX/texmf-dist/tex/latex/graphics-cfg/color
.cfg
File: color.cfg 2016/01/02 v1.6 sample color configuration
)
Package xcolor Info: Driver file: pdftex.def on input line 225.

(c:/Users/walte/AppData/Roaming/TinyTeX/texmf-dist/tex/latex/graphics-def/pdfte
x.def
File: pdftex.def 2020/10/05 v1.2a Graphics/color driver for pdftex
)
Package xcolor Info: Model `cmy' substituted by `cmy0' on input line 1348.
Package xcolor Info: Model `hsb' substituted by `rgb' on input line 1352.
Package xcolor Info: Model `RGB' extended on input line 1364.
Package xcolor Info: Model `HTML' substituted by `rgb' on input line 1366.
Package xcolor Info: Model `Hsb' substituted by `hsb' on input line 1367.
Package xcolor Info: Model `tHsb' substituted by `hsb' on input line 1368.
Package xcolor Info: Model `HSB' substituted by `hsb' on input line 1369.
Package xcolor Info: Model `Gray' substituted by `gray' on input line 1370.
Package xcolor Info: Model `wave' substituted by `hsb' on input line 1371.
)
(c:/Users/walte/AppData/Roaming/TinyTeX/texmf-dist/tex/latex/hyperref/hyperref.
sty
Package: hyperref 2021-06-07 v7.00m Hypertext links for LaTeX

(c:/Users/walte/AppData/Roaming/TinyTeX/texmf-dist/tex/generic/ltxcmds/ltxcmds.
sty
Package: ltxcmds 2020-05-10 v1.25 LaTeX kernel commands for general use (HO)
)
(c:/Users/walte/AppData/Roaming/TinyTeX/texmf-dist/tex/generic/pdftexcmds/pdfte
xcmds.sty
Package: pdftexcmds 2020-06-27 v0.33 Utility functions of pdfTeX for LuaTeX (HO
)

(c:/Users/walte/AppData/Roaming/TinyTeX/texmf-dist/tex/generic/infwarerr/infwar
err.sty
Package: infwarerr 2019/12/03 v1.5 Providing info/warning/error messages (HO)
)
Package pdftexcmds Info: \pdf@primitive is available.
Package pdftexcmds Info: \pdf@ifprimitive is available.
Package pdftexcmds Info: \pdfdraftmode found.
)
(c:/Users/walte/AppData/Roaming/TinyTeX/texmf-dist/tex/latex/graphics/keyval.st
y
Package: keyval 2014/10/28 v1.15 key=value parser (DPC)
\KV@toks@=\toks24
)
(c:/Users/walte/AppData/Roaming/TinyTeX/texmf-dist/tex/generic/kvsetkeys/kvsetk
eys.sty
Package: kvsetkeys 2019/12/15 v1.18 Key value parser (HO)
)
(c:/Users/walte/AppData/Roaming/TinyTeX/texmf-dist/tex/generic/kvdefinekeys/kvd
efinekeys.sty
Package: kvdefinekeys 2019-12-19 v1.6 Define keys (HO)
)
(c:/Users/walte/AppData/Roaming/TinyTeX/texmf-dist/tex/generic/pdfescape/pdfesc
ape.sty
Package: pdfescape 2019/12/09 v1.15 Implements pdfTeX's escape features (HO)
)
(c:/Users/walte/AppData/Roaming/TinyTeX/texmf-dist/tex/latex/hycolor/hycolor.st
y
Package: hycolor 2020-01-27 v1.10 Color options for hyperref/bookmark (HO)
)
(c:/Users/walte/AppData/Roaming/TinyTeX/texmf-dist/tex/latex/letltxmacro/letltx
macro.sty
Package: letltxmacro 2019/12/03 v1.6 Let assignment for LaTeX macros (HO)
)
(c:/Users/walte/AppData/Roaming/TinyTeX/texmf-dist/tex/latex/auxhook/auxhook.st
y
Package: auxhook 2019-12-17 v1.6 Hooks for auxiliary files (HO)
)
(c:/Users/walte/AppData/Roaming/TinyTeX/texmf-dist/tex/latex/kvoptions/kvoption
s.sty
Package: kvoptions 2020-10-07 v3.14 Key value format for package options (HO)
)
\@linkdim=\dimen148
\Hy@linkcounter=\count268
\Hy@pagecounter=\count269

(c:/Users/walte/AppData/Roaming/TinyTeX/texmf-dist/tex/latex/hyperref/pd1enc.de
f
File: pd1enc.def 2021-06-07 v7.00m Hyperref: PDFDocEncoding definition (HO)
Now handling font encoding PD1 ...
... no UTF-8 mapping file for font encoding PD1
)
(c:/Users/walte/AppData/Roaming/TinyTeX/texmf-dist/tex/latex/hyperref/hyperref-
langpatches.def
File: hyperref-langpatches.def 2021-06-07 v7.00m Hyperref: patches for babel la
nguages
)
(c:/Users/walte/AppData/Roaming/TinyTeX/texmf-dist/tex/generic/intcalc/intcalc.
sty
Package: intcalc 2019/12/15 v1.3 Expandable calculations with integers (HO)
)
(c:/Users/walte/AppData/Roaming/TinyTeX/texmf-dist/tex/generic/etexcmds/etexcmd
s.sty
Package: etexcmds 2019/12/15 v1.7 Avoid name clashes with e-TeX commands (HO)
)
\Hy@SavedSpaceFactor=\count270

(c:/Users/walte/AppData/Roaming/TinyTeX/texmf-dist/tex/latex/hyperref/puenc.def
File: puenc.def 2021-06-07 v7.00m Hyperref: PDF Unicode definition (HO)
Now handling font encoding PU ...
... no UTF-8 mapping file for font encoding PU
)
Package hyperref Info: Option `unicode' set `true' on input line 4073.
Package hyperref Info: Hyper figures OFF on input line 4192.
Package hyperref Info: Link nesting OFF on input line 4197.
Package hyperref Info: Hyper index ON on input line 4200.
Package hyperref Info: Plain pages OFF on input line 4207.
Package hyperref Info: Backreferencing OFF on input line 4212.
Package hyperref Info: Implicit mode ON; LaTeX internals redefined.
Package hyperref Info: Bookmarks ON on input line 4445.
\c@Hy@tempcnt=\count271
(c:/Users/walte/AppData/Roaming/TinyTeX/texmf-dist/tex/latex/url/url.sty
\Urlmuskip=\muskip17
Package: url 2013/09/16  ver 3.4  Verb mode for urls, etc.
)
LaTeX Info: Redefining \url on input line 4804.
\XeTeXLinkMargin=\dimen149

(c:/Users/walte/AppData/Roaming/TinyTeX/texmf-dist/tex/generic/bitset/bitset.st
y
Package: bitset 2019/12/09 v1.3 Handle bit-vector datatype (HO)

(c:/Users/walte/AppData/Roaming/TinyTeX/texmf-dist/tex/generic/bigintcalc/bigin
tcalc.sty
Package: bigintcalc 2019/12/15 v1.5 Expandable calculations on big integers (HO
)
))
\Fld@menulength=\count272
\Field@Width=\dimen150
\Fld@charsize=\dimen151
Package hyperref Info: Hyper figures OFF on input line 6076.
Package hyperref Info: Link nesting OFF on input line 6081.
Package hyperref Info: Hyper index ON on input line 6084.
Package hyperref Info: backreferencing OFF on input line 6091.
Package hyperref Info: Link coloring OFF on input line 6096.
Package hyperref Info: Link coloring with OCG OFF on input line 6101.
Package hyperref Info: PDF/A mode OFF on input line 6106.
LaTeX Info: Redefining \ref on input line 6146.
LaTeX Info: Redefining \pageref on input line 6150.

(c:/Users/walte/AppData/Roaming/TinyTeX/texmf-dist/tex/latex/base/atbegshi-ltx.
sty
Package: atbegshi-ltx 2021/01/10 v1.0c Emulation of the original atbegshi
package with kernel methods
)
\Hy@abspage=\count273
\c@Item=\count274
\c@Hfootnote=\count275
)
Package hyperref Info: Driver (autodetected): hpdftex.

(c:/Users/walte/AppData/Roaming/TinyTeX/texmf-dist/tex/latex/hyperref/hpdftex.d
ef
File: hpdftex.def 2021-06-07 v7.00m Hyperref driver for pdfTeX

(c:/Users/walte/AppData/Roaming/TinyTeX/texmf-dist/tex/latex/base/atveryend-ltx
.sty
Package: atveryend-ltx 2020/08/19 v1.0a Emulation of the original atvery packag
e
with kernel methods
)
\Fld@listcount=\count276
\c@bookmark@seq@number=\count277

(c:/Users/walte/AppData/Roaming/TinyTeX/texmf-dist/tex/latex/rerunfilecheck/rer
unfilecheck.sty
Package: rerunfilecheck 2019/12/05 v1.9 Rerun checks for auxiliary files (HO)

(c:/Users/walte/AppData/Roaming/TinyTeX/texmf-dist/tex/generic/uniquecounter/un
iquecounter.sty
Package: uniquecounter 2019/12/15 v1.4 Provide unlimited unique counter (HO)
)
Package uniquecounter Info: New unique counter `rerunfilecheck' on input line 2
86.
)
\Hy@SectionHShift=\skip52
)
(c:/Users/walte/AppData/Roaming/TinyTeX/texmf-dist/tex/latex/geometry/geometry.
sty
Package: geometry 2020/01/02 v5.9 Page Geometry

(c:/Users/walte/AppData/Roaming/TinyTeX/texmf-dist/tex/generic/iftex/ifvtex.sty
Package: ifvtex 2019/10/25 v1.7 ifvtex legacy package. Use iftex instead.
)
\Gm@cnth=\count278
\Gm@cntv=\count279
\c@Gm@tempcnt=\count280
\Gm@bindingoffset=\dimen152
\Gm@wd@mp=\dimen153
\Gm@odd@mp=\dimen154
\Gm@even@mp=\dimen155
\Gm@layoutwidth=\dimen156
\Gm@layoutheight=\dimen157
\Gm@layouthoffset=\dimen158
\Gm@layoutvoffset=\dimen159
\Gm@dimlist=\toks25
)
(c:/Users/walte/AppData/Roaming/TinyTeX/texmf-dist/tex/latex/fancyvrb/fancyvrb.
sty
Package: fancyvrb 2021/08/12 v3.8 verbatim text (tvz,hv)
\FV@CodeLineNo=\count281
\FV@InFile=\read2
\FV@TabBox=\box52
\c@FancyVerbLine=\count282
\FV@StepNumber=\count283
\FV@OutFile=\write3
) (c:/Users/walte/AppData/Roaming/TinyTeX/texmf-dist/tex/latex/framed/framed.st
y
Package: framed 2011/10/22 v 0.96: framed or shaded text with page breaks
\OuterFrameSep=\skip53
\fb@frw=\dimen160
\fb@frh=\dimen161
\FrameRule=\dimen162
\FrameSep=\dimen163
)
(c:/Users/walte/AppData/Roaming/TinyTeX/texmf-dist/tex/latex/graphics/graphicx.
sty
Package: graphicx 2020/12/05 v1.2c Enhanced LaTeX Graphics (DPC,SPQR)

(c:/Users/walte/AppData/Roaming/TinyTeX/texmf-dist/tex/latex/graphics/graphics.
sty
Package: graphics 2021/03/04 v1.4d Standard LaTeX Graphics (DPC,SPQR)
(c:/Users/walte/AppData/Roaming/TinyTeX/texmf-dist/tex/latex/graphics/trig.sty
Package: trig 2016/01/03 v1.10 sin cos tan (DPC)
)
(c:/Users/walte/AppData/Roaming/TinyTeX/texmf-dist/tex/latex/graphics-cfg/graph
ics.cfg
File: graphics.cfg 2016/06/04 v1.11 sample graphics configuration
)
Package graphics Info: Driver file: pdftex.def on input line 107.
)
\Gin@req@height=\dimen164
\Gin@req@width=\dimen165
)
(c:/Users/walte/AppData/Roaming/TinyTeX/texmf-dist/tex/latex/booktabs/booktabs.
sty
Package: booktabs 2020/01/12 v1.61803398 Publication quality tables
\heavyrulewidth=\dimen166
\lightrulewidth=\dimen167
\cmidrulewidth=\dimen168
\belowrulesep=\dimen169
\belowbottomsep=\dimen170
\aboverulesep=\dimen171
\abovetopsep=\dimen172
\cmidrulesep=\dimen173
\cmidrulekern=\dimen174
\defaultaddspace=\dimen175
\@cmidla=\count284
\@cmidlb=\count285
\@aboverulesep=\dimen176
\@belowrulesep=\dimen177
\@thisruleclass=\count286
\@lastruleclass=\count287
\@thisrulewidth=\dimen178
)
(c:/Users/walte/AppData/Roaming/TinyTeX/texmf-dist/tex/latex/siunitx/siunitx.st
y
Package: siunitx 2021-09-14 v3.0.30 A comprehensive (SI) units package
\l__siunitx_angle_tmp_dim=\dimen179
\l__siunitx_angle_marker_box=\box53
\l__siunitx_angle_unit_box=\box54
\l__siunitx_compound_count_int=\count288
\l__siunitx_number_exponent_fixed_int=\count289
\l__siunitx_number_min_decimal_int=\count290
\l__siunitx_number_min_integer_int=\count291
\l__siunitx_number_round_precision_int=\count292
\l__siunitx_number_group_minimum_int=\count293
\l__siunitx_table_tmp_box=\box55
\l__siunitx_table_tmp_dim=\dimen180
\l__siunitx_table_column_width_dim=\dimen181
\l__siunitx_table_integer_box=\box56
\l__siunitx_table_decimal_box=\box57
\l__siunitx_table_before_box=\box58
\l__siunitx_table_after_box=\box59
\l__siunitx_table_before_dim=\dimen182
\l__siunitx_table_carry_dim=\dimen183
\l__siunitx_unit_tmp_int=\count294
\l__siunitx_unit_position_int=\count295
\l__siunitx_unit_total_int=\count296

(c:/Users/walte/AppData/Roaming/TinyTeX/texmf-dist/tex/latex/l3packages/l3keys2
e/l3keys2e.sty
(c:/Users/walte/AppData/Roaming/TinyTeX/texmf-dist/tex/latex/l3kernel/expl3.sty
Package: expl3 2021-08-27 L3 programming layer (loader) 

(c:/Users/walte/AppData/Roaming/TinyTeX/texmf-dist/tex/latex/l3backend/l3backen
d-pdftex.def
File: l3backend-pdftex.def 2021-08-04 L3 backend support: PDF output (pdfTeX)
\l__color_backend_stack_int=\count297
\l__pdf_internal_box=\box60
))
Package: l3keys2e 2021-08-27 LaTeX2e option processing using LaTeX3 keys
) (c:/Users/walte/AppData/Roaming/TinyTeX/texmf-dist/tex/latex/tools/array.sty
Package: array 2021/04/20 v2.5e Tabular extension package (FMi)
\col@sep=\dimen184
\ar@mcellbox=\box61
\extrarowheight=\dimen185
\NC@list=\toks26
\extratabsurround=\skip54
\backup@length=\skip55
\ar@cellbox=\box62
))
(c:/Users/walte/AppData/Roaming/TinyTeX/texmf-dist/tex/latex/tools/longtable.st
y
Package: longtable 2021-05-07 v4.16 Multi-page Table package (DPC)
\LTleft=\skip56
\LTright=\skip57
\LTpre=\skip58
\LTpost=\skip59
\LTchunksize=\count298
\LTcapwidth=\dimen186
\LT@head=\box63
\LT@firsthead=\box64
\LT@foot=\box65
\LT@lastfoot=\box66
\LT@gbox=\box67
\LT@cols=\count299
\LT@rows=\count300
\c@LT@tables=\count301
\c@LT@chunks=\count302
\LT@p@ftn=\toks27
)
(c:/Users/walte/AppData/Roaming/TinyTeX/texmf-dist/tex/latex/multirow/multirow.
sty
Package: multirow 2021/03/15 v2.8 Span multiple rows of a table
\multirow@colwidth=\skip60
\multirow@cntb=\count303
\multirow@dima=\skip61
\bigstrutjot=\dimen187
)
(c:/Users/walte/AppData/Roaming/TinyTeX/texmf-dist/tex/latex/wrapfig/wrapfig.st
y
\wrapoverhang=\dimen188
\WF@size=\dimen189
\c@WF@wrappedlines=\count304
\WF@box=\box68
\WF@everypar=\toks28
Package: wrapfig 2003/01/31  v 3.6
) (c:/Users/walte/AppData/Roaming/TinyTeX/texmf-dist/tex/latex/float/float.sty
Package: float 2001/11/08 v1.3d Float enhancements (AL)
\c@float@type=\count305
\float@exts=\toks29
\float@box=\box69
\@float@everytoks=\toks30
\@floatcapt=\box70
)
(c:/Users/walte/AppData/Roaming/TinyTeX/texmf-dist/tex/latex/colortbl/colortbl.
sty
Package: colortbl 2020/01/04 v1.0e Color table columns (DPC)
\everycr=\toks31
\minrowclearance=\skip62
)
(c:/Users/walte/AppData/Roaming/TinyTeX/texmf-dist/tex/latex/pdflscape/pdflscap
e.sty
Package: pdflscape 2019/12/05 v0.12 Display of landscape pages in PDF (HO)

(c:/Users/walte/AppData/Roaming/TinyTeX/texmf-dist/tex/latex/graphics/lscape.st
y
Package: lscape 2020/05/28 v3.02 Landscape Pages (DPC)
)
Package pdflscape Info: Auto-detected driver: pdftex on input line 81.
) (c:/Users/walte/AppData/Roaming/TinyTeX/texmf-dist/tex/latex/tabu/tabu.sty
Package: tabu 2019/01/11 v2.9 - flexible LaTeX tabulars (FC+tabu-fixed)

(c:/Users/walte/AppData/Roaming/TinyTeX/texmf-dist/tex/latex/varwidth/varwidth.
sty
Package: varwidth 2009/03/30 ver 0.92;  Variable-width minipages
\@vwid@box=\box71
\sift@deathcycles=\count306
\@vwid@loff=\dimen190
\@vwid@roff=\dimen191
)
\c@taburow=\count307
\tabu@nbcols=\count308
\tabu@cnt=\count309
\tabu@Xcol=\count310
\tabu@alloc=\count311
\tabu@nested=\count312
\tabu@target=\dimen192
\tabu@spreadtarget=\dimen193
\tabu@naturalX=\dimen194
\tabucolX=\dimen195
\tabu@Xsum=\dimen196
\extrarowdepth=\dimen197
\abovetabulinesep=\dimen198
\belowtabulinesep=\dimen199
\tabustrutrule=\dimen256
\tabu@thebody=\toks32
\tabu@footnotes=\toks33
\tabu@box=\box72
\tabu@arstrutbox=\box73
\tabu@hleads=\box74
\tabu@vleads=\box75
\tabu@cellskip=\skip63
)
(c:/Users/walte/AppData/Roaming/TinyTeX/texmf-dist/tex/latex/threeparttable/thr
eeparttable.sty
Package: threeparttable 2003/06/13  v 3.0
\@tempboxb=\box76
)
(c:/Users/walte/AppData/Roaming/TinyTeX/texmf-dist/tex/latex/threeparttablex/th
reeparttablex.sty
Package: threeparttablex 2013/07/23 v0.3 by daleif

(c:/Users/walte/AppData/Roaming/TinyTeX/texmf-dist/tex/latex/environ/environ.st
y
Package: environ 2014/05/04 v0.3 A new way to define environments

(c:/Users/walte/AppData/Roaming/TinyTeX/texmf-dist/tex/latex/trimspaces/trimspa
ces.sty
Package: trimspaces 2009/09/17 v1.1 Trim spaces around a token list
))
\TPTL@width=\skip64
) (c:/Users/walte/AppData/Roaming/TinyTeX/texmf-dist/tex/generic/ulem/ulem.sty
\UL@box=\box77
\UL@hyphenbox=\box78
\UL@skip=\skip65
\UL@hook=\toks34
\UL@height=\dimen257
\UL@pe=\count313
\UL@pixel=\dimen258
\ULC@box=\box79
Package: ulem 2019/11/18
\ULdepth=\dimen259
)
(c:/Users/walte/AppData/Roaming/TinyTeX/texmf-dist/tex/latex/makecell/makecell.
sty
Package: makecell 2009/08/03 V0.1e Managing of Tab Column Heads and Cells
\rotheadsize=\dimen260
\c@nlinenum=\count314
\TeXr@lab=\toks35
)

Package array Warning: Column d is already defined on input line 124.

(./assignment_3.aux)
\openout1 = `assignment_3.aux'.

LaTeX Font Info:    Checking defaults for OML/cmm/m/it on input line 133.
LaTeX Font Info:    ... okay on input line 133.
LaTeX Font Info:    Checking defaults for OMS/cmsy/m/n on input line 133.
LaTeX Font Info:    ... okay on input line 133.
LaTeX Font Info:    Checking defaults for OT1/cmr/m/n on input line 133.
LaTeX Font Info:    ... okay on input line 133.
LaTeX Font Info:    Checking defaults for T1/cmr/m/n on input line 133.
LaTeX Font Info:    ... okay on input line 133.
LaTeX Font Info:    Checking defaults for TS1/cmr/m/n on input line 133.
LaTeX Font Info:    ... okay on input line 133.
LaTeX Font Info:    Checking defaults for OMX/cmex/m/n on input line 133.
LaTeX Font Info:    ... okay on input line 133.
LaTeX Font Info:    Checking defaults for U/cmr/m/n on input line 133.
LaTeX Font Info:    ... okay on input line 133.
LaTeX Font Info:    Checking defaults for PD1/pdf/m/n on input line 133.
LaTeX Font Info:    ... okay on input line 133.
LaTeX Font Info:    Checking defaults for PU/pdf/m/n on input line 133.
LaTeX Font Info:    ... okay on input line 133.

(c:/Users/walte/AppData/Roaming/TinyTeX/texmf-dist/tex/latex/epstopdf-pkg/epsto
pdf-base.sty
Package: epstopdf-base 2020-01-24 v2.11 Base part for package epstopdf
Package epstopdf-base Info: Redefining graphics rule for `.eps' on input line 4
85.

(c:/Users/walte/AppData/Roaming/TinyTeX/texmf-dist/tex/latex/latexconfig/epstop
df-sys.cfg
File: epstopdf-sys.cfg 2010/07/13 v1.3 Configuration of (r)epstopdf for TeX Liv
e
))
Package hyperref Info: Link coloring OFF on input line 133.

(c:/Users/walte/AppData/Roaming/TinyTeX/texmf-dist/tex/latex/hyperref/nameref.s
ty
Package: nameref 2021-04-02 v2.47 Cross-referencing by name of section

(c:/Users/walte/AppData/Roaming/TinyTeX/texmf-dist/tex/latex/refcount/refcount.
sty
Package: refcount 2019/12/15 v3.6 Data extraction from label references (HO)
)
(c:/Users/walte/AppData/Roaming/TinyTeX/texmf-dist/tex/generic/gettitlestring/g
ettitlestring.sty
Package: gettitlestring 2019/12/15 v1.6 Cleanup title references (HO)
)
\c@section@level=\count315
)
LaTeX Info: Redefining \ref on input line 133.
LaTeX Info: Redefining \pageref on input line 133.
LaTeX Info: Redefining \nameref on input line 133.
(./assignment_3.out) (./assignment_3.out)
\@outlinefile=\write4
\openout4 = `assignment_3.out'.

*geometry* driver: auto-detecting
*geometry* detected driver: pdftex
*geometry* verbose mode - [ preamble ] result:
* driver: pdftex
* paper: <default>
* layout: <same size as paper>
* layoutoffset:(h,v)=(0.0pt,0.0pt)
* modes: 
* h-part:(L,W,R)=(72.26999pt, 469.75502pt, 72.26999pt)
* v-part:(T,H,B)=(72.26999pt, 650.43001pt, 72.26999pt)
* \paperwidth=614.295pt
* \paperheight=794.96999pt
* \textwidth=469.75502pt
* \textheight=650.43001pt
* \oddsidemargin=0.0pt
* \evensidemargin=0.0pt
* \topmargin=-37.0pt
* \headheight=12.0pt
* \headsep=25.0pt
* \topskip=10.0pt
* \footskip=30.0pt
* \marginparwidth=65.0pt
* \marginparsep=11.0pt
* \columnsep=10.0pt
* \skip\footins=9.0pt plus 4.0pt minus 2.0pt
* \hoffset=0.0pt
* \voffset=0.0pt
* \mag=1000
* \@twocolumnfalse
* \@twosidefalse
* \@mparswitchfalse
* \@reversemarginfalse
* (1in=72.27pt=25.4mm, 1cm=28.453pt)

LaTeX Font Info:    Trying to load font information for OT1+lmr on input line 1
35.
(c:/Users/walte/AppData/Roaming/TinyTeX/texmf-dist/tex/latex/lm/ot1lmr.fd
File: ot1lmr.fd 2015/05/01 v1.6.1 Font defs for Latin Modern
)
LaTeX Font Info:    Trying to load font information for OML+lmm on input line 1
35.
(c:/Users/walte/AppData/Roaming/TinyTeX/texmf-dist/tex/latex/lm/omllmm.fd
File: omllmm.fd 2015/05/01 v1.6.1 Font defs for Latin Modern
)
LaTeX Font Info:    Trying to load font information for OMS+lmsy on input line 
135.
(c:/Users/walte/AppData/Roaming/TinyTeX/texmf-dist/tex/latex/lm/omslmsy.fd
File: omslmsy.fd 2015/05/01 v1.6.1 Font defs for Latin Modern
)
LaTeX Font Info:    Trying to load font information for OMX+lmex on input line 
135.
(c:/Users/walte/AppData/Roaming/TinyTeX/texmf-dist/tex/latex/lm/omxlmex.fd
File: omxlmex.fd 2015/05/01 v1.6.1 Font defs for Latin Modern
)
LaTeX Font Info:    External font `lmex10' loaded for size
(Font)              <12> on input line 135.
LaTeX Font Info:    External font `lmex10' loaded for size
(Font)              <8> on input line 135.
LaTeX Font Info:    External font `lmex10' loaded for size
(Font)              <6> on input line 135.
LaTeX Font Info:    Trying to load font information for U+msa on input line 135
.
(c:/Users/walte/AppData/Roaming/TinyTeX/texmf-dist/tex/latex/amsfonts/umsa.fd
File: umsa.fd 2013/01/14 v3.01 AMS symbols A
)
LaTeX Font Info:    Trying to load font information for U+msb on input line 135
.
(c:/Users/walte/AppData/Roaming/TinyTeX/texmf-dist/tex/latex/amsfonts/umsb.fd
File: umsb.fd 2013/01/14 v3.01 AMS symbols B
)
LaTeX Font Info:    Trying to load font information for T1+lmtt on input line 1
42.
(c:/Users/walte/AppData/Roaming/TinyTeX/texmf-dist/tex/latex/lm/t1lmtt.fd
File: t1lmtt.fd 2015/05/01 v1.6.1 Font defs for Latin Modern
)
LaTeX Font Info:    External font `lmex10' loaded for size
(Font)              <7> on input line 176.
LaTeX Font Info:    External font `lmex10' loaded for size
(Font)              <5> on input line 176.
LaTeX Font Info:    External font `lmex10' loaded for size
(Font)              <10> on input line 225.
[1

{c:/Users/walte/AppData/Roaming/TinyTeX/texmf-var/fonts/map/pdftex/updmap/pdfte
x.map}]
LaTeX Font Info:    Trying to load font information for TS1+lmtt on input line 
257.
(c:/Users/walte/AppData/Roaming/TinyTeX/texmf-dist/tex/latex/lm/ts1lmtt.fd
File: ts1lmtt.fd 2015/05/01 v1.6.1 Font defs for Latin Modern
)
LaTeX Font Info:    Font shape `T1/lmtt/bx/n' in size <8> not available
(Font)              Font shape `T1/lmtt/b/n' tried instead on input line 411.
[2] [3pdfTeX warning (ext4): destination with the same identifier (name{table.1
}) has been already used, duplicate ignored
<argument> ...shipout:D \box_use:N \l_shipout_box 
                                                  \__shipout_drop_firstpage_...
l.431 \end{Shaded}
                  ]
<D:/Files/Git Projects/ti_git_projects/year_2/applied_microeconometrics/assignm
ent_3/assignment_3_files/figure-latex/boxplot_2554450f4c30.pdf, id=37, 48.18pt 
x 12.045pt>
File: D:/Files/Git Projects/ti_git_projects/year_2/applied_microeconometrics/as
signment_3/assignment_3_files/figure-latex/boxplot_2554450f4c30.pdf Graphic fil
e (type pdf)
<use D:/Files/Git Projects/ti_git_projects/year_2/applied_microeconometrics/ass
ignment_3/assignment_3_files/figure-latex/boxplot_2554450f4c30.pdf>
Package pdftex.def Info: D:/Files/Git Projects/ti_git_projects/year_2/applied_m
icroeconometrics/assignment_3/assignment_3_files/figure-latex/boxplot_2554450f4
c30.pdf  used on input line 443.
(pdftex.def)             Requested size: 48.42024pt x 12.10504pt.
<D:/Files/Git Projects/ti_git_projects/year_2/applied_microeconometrics/assignm
ent_3/assignment_3_files/figure-latex/hist_255456a6394d.pdf, id=38, 48.18pt x 1
2.045pt>
File: D:/Files/Git Projects/ti_git_projects/year_2/applied_microeconometrics/as
signment_3/assignment_3_files/figure-latex/hist_255456a6394d.pdf Graphic file (
type pdf)
<use D:/Files/Git Projects/ti_git_projects/year_2/applied_microeconometrics/ass
ignment_3/assignment_3_files/figure-latex/hist_255456a6394d.pdf>
Package pdftex.def Info: D:/Files/Git Projects/ti_git_projects/year_2/applied_m
icroeconometrics/assignment_3/assignment_3_files/figure-latex/hist_255456a6394d
.pdf  used on input line 443.
(pdftex.def)             Requested size: 48.42024pt x 12.10504pt.
<D:/Files/Git Projects/ti_git_projects/year_2/applied_microeconometrics/assignm
ent_3/assignment_3_files/figure-latex/boxplot_25544fbb30b8.pdf, id=39, 48.18pt 
x 12.045pt>
File: D:/Files/Git Projects/ti_git_projects/year_2/applied_microeconometrics/as
signment_3/assignment_3_files/figure-latex/boxplot_25544fbb30b8.pdf Graphic fil
e (type pdf)
<use D:/Files/Git Projects/ti_git_projects/year_2/applied_microeconometrics/ass
ignment_3/assignment_3_files/figure-latex/boxplot_25544fbb30b8.pdf>
Package pdftex.def Info: D:/Files/Git Projects/ti_git_projects/year_2/applied_m
icroeconometrics/assignment_3/assignment_3_files/figure-latex/boxplot_25544fbb3
0b8.pdf  used on input line 443.
(pdftex.def)             Requested size: 48.42024pt x 12.10504pt.
<D:/Files/Git Projects/ti_git_projects/year_2/applied_microeconometrics/assignm
ent_3/assignment_3_files/figure-latex/hist_25547fb02373.pdf, id=40, 48.18pt x 1
2.045pt>
File: D:/Files/Git Projects/ti_git_projects/year_2/applied_microeconometrics/as
signment_3/assignment_3_files/figure-latex/hist_25547fb02373.pdf Graphic file (
type pdf)
<use D:/Files/Git Projects/ti_git_projects/year_2/applied_microeconometrics/ass
ignment_3/assignment_3_files/figure-latex/hist_25547fb02373.pdf>
Package pdftex.def Info: D:/Files/Git Projects/ti_git_projects/year_2/applied_m
icroeconometrics/assignment_3/assignment_3_files/figure-latex/hist_25547fb02373
.pdf  used on input line 443.
(pdftex.def)             Requested size: 48.42024pt x 12.10504pt.
<D:/Files/Git Projects/ti_git_projects/year_2/applied_microeconometrics/assignm
ent_3/assignment_3_files/figure-latex/boxplot_255450f8780b.pdf, id=41, 48.18pt 
x 12.045pt>
File: D:/Files/Git Projects/ti_git_projects/year_2/applied_microeconometrics/as
signment_3/assignment_3_files/figure-latex/boxplot_255450f8780b.pdf Graphic fil
e (type pdf)
<use D:/Files/Git Projects/ti_git_projects/year_2/applied_microeconometrics/ass
ignment_3/assignment_3_files/figure-latex/boxplot_255450f8780b.pdf>
Package pdftex.def Info: D:/Files/Git Projects/ti_git_projects/year_2/applied_m
icroeconometrics/assignment_3/assignment_3_files/figure-latex/boxplot_255450f87
80b.pdf  used on input line 444.
(pdftex.def)             Requested size: 48.42024pt x 12.10504pt.
<D:/Files/Git Projects/ti_git_projects/year_2/applied_microeconometrics/assignm
ent_3/assignment_3_files/figure-latex/hist_25544c946728.pdf, id=42, 48.18pt x 1
2.045pt>
File: D:/Files/Git Projects/ti_git_projects/year_2/applied_microeconometrics/as
signment_3/assignment_3_files/figure-latex/hist_25544c946728.pdf Graphic file (
type pdf)
<use D:/Files/Git Projects/ti_git_projects/year_2/applied_microeconometrics/ass
ignment_3/assignment_3_files/figure-latex/hist_25544c946728.pdf>
Package pdftex.def Info: D:/Files/Git Projects/ti_git_projects/year_2/applied_m
icroeconometrics/assignment_3/assignment_3_files/figure-latex/hist_25544c946728
.pdf  used on input line 444.
(pdftex.def)             Requested size: 48.42024pt x 12.10504pt.
<D:/Files/Git Projects/ti_git_projects/year_2/applied_microeconometrics/assignm
ent_3/assignment_3_files/figure-latex/boxplot_255422f964e0.pdf, id=43, 48.18pt 
x 12.045pt>
File: D:/Files/Git Projects/ti_git_projects/year_2/applied_microeconometrics/as
signment_3/assignment_3_files/figure-latex/boxplot_255422f964e0.pdf Graphic fil
e (type pdf)
<use D:/Files/Git Projects/ti_git_projects/year_2/applied_microeconometrics/ass
ignment_3/assignment_3_files/figure-latex/boxplot_255422f964e0.pdf>
Package pdftex.def Info: D:/Files/Git Projects/ti_git_projects/year_2/applied_m
icroeconometrics/assignment_3/assignment_3_files/figure-latex/boxplot_255422f96
4e0.pdf  used on input line 444.
(pdftex.def)             Requested size: 48.42024pt x 12.10504pt.
<D:/Files/Git Projects/ti_git_projects/year_2/applied_microeconometrics/assignm
ent_3/assignment_3_files/figure-latex/hist_25544fdd1ead.pdf, id=44, 48.18pt x 1
2.045pt>
File: D:/Files/Git Projects/ti_git_projects/year_2/applied_microeconometrics/as
signment_3/assignment_3_files/figure-latex/hist_25544fdd1ead.pdf Graphic file (
type pdf)
<use D:/Files/Git Projects/ti_git_projects/year_2/applied_microeconometrics/ass
ignment_3/assignment_3_files/figure-latex/hist_25544fdd1ead.pdf>
Package pdftex.def Info: D:/Files/Git Projects/ti_git_projects/year_2/applied_m
icroeconometrics/assignment_3/assignment_3_files/figure-latex/hist_25544fdd1ead
.pdf  used on input line 444.
(pdftex.def)             Requested size: 48.42024pt x 12.10504pt.
<D:/Files/Git Projects/ti_git_projects/year_2/applied_microeconometrics/assignm
ent_3/assignment_3_files/figure-latex/boxplot_255460ba4655.pdf, id=45, 48.18pt 
x 12.045pt>
File: D:/Files/Git Projects/ti_git_projects/year_2/applied_microeconometrics/as
signment_3/assignment_3_files/figure-latex/boxplot_255460ba4655.pdf Graphic fil
e (type pdf)
<use D:/Files/Git Projects/ti_git_projects/year_2/applied_microeconometrics/ass
ignment_3/assignment_3_files/figure-latex/boxplot_255460ba4655.pdf>
Package pdftex.def Info: D:/Files/Git Projects/ti_git_projects/year_2/applied_m
icroeconometrics/assignment_3/assignment_3_files/figure-latex/boxplot_255460ba4
655.pdf  used on input line 445.
(pdftex.def)             Requested size: 48.42024pt x 12.10504pt.
<D:/Files/Git Projects/ti_git_projects/year_2/applied_microeconometrics/assignm
ent_3/assignment_3_files/figure-latex/hist_25545f8f2501.pdf, id=46, 48.18pt x 1
2.045pt>
File: D:/Files/Git Projects/ti_git_projects/year_2/applied_microeconometrics/as
signment_3/assignment_3_files/figure-latex/hist_25545f8f2501.pdf Graphic file (
type pdf)
<use D:/Files/Git Projects/ti_git_projects/year_2/applied_microeconometrics/ass
ignment_3/assignment_3_files/figure-latex/hist_25545f8f2501.pdf>
Package pdftex.def Info: D:/Files/Git Projects/ti_git_projects/year_2/applied_m
icroeconometrics/assignment_3/assignment_3_files/figure-latex/hist_25545f8f2501
.pdf  used on input line 445.
(pdftex.def)             Requested size: 48.42024pt x 12.10504pt.
<D:/Files/Git Projects/ti_git_projects/year_2/applied_microeconometrics/assignm
ent_3/assignment_3_files/figure-latex/boxplot_25542726294.pdf, id=47, 48.18pt x
 12.045pt>
File: D:/Files/Git Projects/ti_git_projects/year_2/applied_microeconometrics/as
signment_3/assignment_3_files/figure-latex/boxplot_25542726294.pdf Graphic file
 (type pdf)
<use D:/Files/Git Projects/ti_git_projects/year_2/applied_microeconometrics/ass
ignment_3/assignment_3_files/figure-latex/boxplot_25542726294.pdf>
Package pdftex.def Info: D:/Files/Git Projects/ti_git_projects/year_2/applied_m
icroeconometrics/assignment_3/assignment_3_files/figure-latex/boxplot_255427262
94.pdf  used on input line 445.
(pdftex.def)             Requested size: 48.42024pt x 12.10504pt.
<D:/Files/Git Projects/ti_git_projects/year_2/applied_microeconometrics/assignm
ent_3/assignment_3_files/figure-latex/hist_25543c52125.pdf, id=48, 48.18pt x 12
.045pt>
File: D:/Files/Git Projects/ti_git_projects/year_2/applied_microeconometrics/as
signment_3/assignment_3_files/figure-latex/hist_25543c52125.pdf Graphic file (t
ype pdf)
<use D:/Files/Git Projects/ti_git_projects/year_2/applied_microeconometrics/ass
ignment_3/assignment_3_files/figure-latex/hist_25543c52125.pdf>
Package pdftex.def Info: D:/Files/Git Projects/ti_git_projects/year_2/applied_m
icroeconometrics/assignment_3/assignment_3_files/figure-latex/hist_25543c52125.
pdf  used on input line 445.
(pdftex.def)             Requested size: 48.42024pt x 12.10504pt.
<D:/Files/Git Projects/ti_git_projects/year_2/applied_microeconometrics/assignm
ent_3/assignment_3_files/figure-latex/boxplot_25542b1d7dfa.pdf, id=49, 48.18pt 
x 12.045pt>
File: D:/Files/Git Projects/ti_git_projects/year_2/applied_microeconometrics/as
signment_3/assignment_3_files/figure-latex/boxplot_25542b1d7dfa.pdf Graphic fil
e (type pdf)
<use D:/Files/Git Projects/ti_git_projects/year_2/applied_microeconometrics/ass
ignment_3/assignment_3_files/figure-latex/boxplot_25542b1d7dfa.pdf>
Package pdftex.def Info: D:/Files/Git Projects/ti_git_projects/year_2/applied_m
icroeconometrics/assignment_3/assignment_3_files/figure-latex/boxplot_25542b1d7
dfa.pdf  used on input line 446.
(pdftex.def)             Requested size: 48.42024pt x 12.10504pt.
<D:/Files/Git Projects/ti_git_projects/year_2/applied_microeconometrics/assignm
ent_3/assignment_3_files/figure-latex/hist_25545d52bf2.pdf, id=50, 48.18pt x 12
.045pt>
File: D:/Files/Git Projects/ti_git_projects/year_2/applied_microeconometrics/as
signment_3/assignment_3_files/figure-latex/hist_25545d52bf2.pdf Graphic file (t
ype pdf)
<use D:/Files/Git Projects/ti_git_projects/year_2/applied_microeconometrics/ass
ignment_3/assignment_3_files/figure-latex/hist_25545d52bf2.pdf>
Package pdftex.def Info: D:/Files/Git Projects/ti_git_projects/year_2/applied_m
icroeconometrics/assignment_3/assignment_3_files/figure-latex/hist_25545d52bf2.
pdf  used on input line 446.
(pdftex.def)             Requested size: 48.42024pt x 12.10504pt.
<D:/Files/Git Projects/ti_git_projects/year_2/applied_microeconometrics/assignm
ent_3/assignment_3_files/figure-latex/boxplot_25543fcc2d7.pdf, id=51, 48.18pt x
 12.045pt>
File: D:/Files/Git Projects/ti_git_projects/year_2/applied_microeconometrics/as
signment_3/assignment_3_files/figure-latex/boxplot_25543fcc2d7.pdf Graphic file
 (type pdf)
<use D:/Files/Git Projects/ti_git_projects/year_2/applied_microeconometrics/ass
ignment_3/assignment_3_files/figure-latex/boxplot_25543fcc2d7.pdf>
Package pdftex.def Info: D:/Files/Git Projects/ti_git_projects/year_2/applied_m
icroeconometrics/assignment_3/assignment_3_files/figure-latex/boxplot_25543fcc2
d7.pdf  used on input line 446.
(pdftex.def)             Requested size: 48.42024pt x 12.10504pt.
<D:/Files/Git Projects/ti_git_projects/year_2/applied_microeconometrics/assignm
ent_3/assignment_3_files/figure-latex/hist_2554661168d3.pdf, id=52, 48.18pt x 1
2.045pt>
File: D:/Files/Git Projects/ti_git_projects/year_2/applied_microeconometrics/as
signment_3/assignment_3_files/figure-latex/hist_2554661168d3.pdf Graphic file (
type pdf)
<use D:/Files/Git Projects/ti_git_projects/year_2/applied_microeconometrics/ass
ignment_3/assignment_3_files/figure-latex/hist_2554661168d3.pdf>
Package pdftex.def Info: D:/Files/Git Projects/ti_git_projects/year_2/applied_m
icroeconometrics/assignment_3/assignment_3_files/figure-latex/hist_2554661168d3
.pdf  used on input line 446.
(pdftex.def)             Requested size: 48.42024pt x 12.10504pt.
<D:/Files/Git Projects/ti_git_projects/year_2/applied_microeconometrics/assignm
ent_3/assignment_3_files/figure-latex/boxplot_2554275e2f6d.pdf, id=53, 48.18pt 
x 12.045pt>
File: D:/Files/Git Projects/ti_git_projects/year_2/applied_microeconometrics/as
signment_3/assignment_3_files/figure-latex/boxplot_2554275e2f6d.pdf Graphic fil
e (type pdf)
<use D:/Files/Git Projects/ti_git_projects/year_2/applied_microeconometrics/ass
ignment_3/assignment_3_files/figure-latex/boxplot_2554275e2f6d.pdf>
Package pdftex.def Info: D:/Files/Git Projects/ti_git_projects/year_2/applied_m
icroeconometrics/assignment_3/assignment_3_files/figure-latex/boxplot_2554275e2
f6d.pdf  used on input line 447.
(pdftex.def)             Requested size: 48.42024pt x 12.10504pt.
<D:/Files/Git Projects/ti_git_projects/year_2/applied_microeconometrics/assignm
ent_3/assignment_3_files/figure-latex/hist_2554237364d3.pdf, id=54, 48.18pt x 1
2.045pt>
File: D:/Files/Git Projects/ti_git_projects/year_2/applied_microeconometrics/as
signment_3/assignment_3_files/figure-latex/hist_2554237364d3.pdf Graphic file (
type pdf)
<use D:/Files/Git Projects/ti_git_projects/year_2/applied_microeconometrics/ass
ignment_3/assignment_3_files/figure-latex/hist_2554237364d3.pdf>
Package pdftex.def Info: D:/Files/Git Projects/ti_git_projects/year_2/applied_m
icroeconometrics/assignment_3/assignment_3_files/figure-latex/hist_2554237364d3
.pdf  used on input line 447.
(pdftex.def)             Requested size: 48.42024pt x 12.10504pt.
<D:/Files/Git Projects/ti_git_projects/year_2/applied_microeconometrics/assignm
ent_3/assignment_3_files/figure-latex/boxplot_25545976aab.pdf, id=55, 48.18pt x
 12.045pt>
File: D:/Files/Git Projects/ti_git_projects/year_2/applied_microeconometrics/as
signment_3/assignment_3_files/figure-latex/boxplot_25545976aab.pdf Graphic file
 (type pdf)
<use D:/Files/Git Projects/ti_git_projects/year_2/applied_microeconometrics/ass
ignment_3/assignment_3_files/figure-latex/boxplot_25545976aab.pdf>
Package pdftex.def Info: D:/Files/Git Projects/ti_git_projects/year_2/applied_m
icroeconometrics/assignment_3/assignment_3_files/figure-latex/boxplot_25545976a
ab.pdf  used on input line 447.
(pdftex.def)             Requested size: 48.42024pt x 12.10504pt.
<D:/Files/Git Projects/ti_git_projects/year_2/applied_microeconometrics/assignm
ent_3/assignment_3_files/figure-latex/hist_25545c442466.pdf, id=56, 48.18pt x 1
2.045pt>
File: D:/Files/Git Projects/ti_git_projects/year_2/applied_microeconometrics/as
signment_3/assignment_3_files/figure-latex/hist_25545c442466.pdf Graphic file (
type pdf)
<use D:/Files/Git Projects/ti_git_projects/year_2/applied_microeconometrics/ass
ignment_3/assignment_3_files/figure-latex/hist_25545c442466.pdf>
Package pdftex.def Info: D:/Files/Git Projects/ti_git_projects/year_2/applied_m
icroeconometrics/assignment_3/assignment_3_files/figure-latex/hist_25545c442466
.pdf  used on input line 447.
(pdftex.def)             Requested size: 48.42024pt x 12.10504pt.
<D:/Files/Git Projects/ti_git_projects/year_2/applied_microeconometrics/assignm
ent_3/assignment_3_files/figure-latex/boxplot_2554662571a5.pdf, id=57, 48.18pt 
x 12.045pt>
File: D:/Files/Git Projects/ti_git_projects/year_2/applied_microeconometrics/as
signment_3/assignment_3_files/figure-latex/boxplot_2554662571a5.pdf Graphic fil
e (type pdf)
<use D:/Files/Git Projects/ti_git_projects/year_2/applied_microeconometrics/ass
ignment_3/assignment_3_files/figure-latex/boxplot_2554662571a5.pdf>
Package pdftex.def Info: D:/Files/Git Projects/ti_git_projects/year_2/applied_m
icroeconometrics/assignment_3/assignment_3_files/figure-latex/boxplot_255466257
1a5.pdf  used on input line 448.
(pdftex.def)             Requested size: 48.42024pt x 12.10504pt.
<D:/Files/Git Projects/ti_git_projects/year_2/applied_microeconometrics/assignm
ent_3/assignment_3_files/figure-latex/hist_2554eb816b8.pdf, id=58, 48.18pt x 12
.045pt>
File: D:/Files/Git Projects/ti_git_projects/year_2/applied_microeconometrics/as
signment_3/assignment_3_files/figure-latex/hist_2554eb816b8.pdf Graphic file (t
ype pdf)
<use D:/Files/Git Projects/ti_git_projects/year_2/applied_microeconometrics/ass
ignment_3/assignment_3_files/figure-latex/hist_2554eb816b8.pdf>
Package pdftex.def Info: D:/Files/Git Projects/ti_git_projects/year_2/applied_m
icroeconometrics/assignment_3/assignment_3_files/figure-latex/hist_2554eb816b8.
pdf  used on input line 448.
(pdftex.def)             Requested size: 48.42024pt x 12.10504pt.
<D:/Files/Git Projects/ti_git_projects/year_2/applied_microeconometrics/assignm
ent_3/assignment_3_files/figure-latex/boxplot_25542e652ed3.pdf, id=59, 48.18pt 
x 12.045pt>
File: D:/Files/Git Projects/ti_git_projects/year_2/applied_microeconometrics/as
signment_3/assignment_3_files/figure-latex/boxplot_25542e652ed3.pdf Graphic fil
e (type pdf)
<use D:/Files/Git Projects/ti_git_projects/year_2/applied_microeconometrics/ass
ignment_3/assignment_3_files/figure-latex/boxplot_25542e652ed3.pdf>
Package pdftex.def Info: D:/Files/Git Projects/ti_git_projects/year_2/applied_m
icroeconometrics/assignment_3/assignment_3_files/figure-latex/boxplot_25542e652
ed3.pdf  used on input line 448.
(pdftex.def)             Requested size: 48.42024pt x 12.10504pt.
<D:/Files/Git Projects/ti_git_projects/year_2/applied_microeconometrics/assignm
ent_3/assignment_3_files/figure-latex/hist_25543eed3088.pdf, id=60, 48.18pt x 1
2.045pt>
File: D:/Files/Git Projects/ti_git_projects/year_2/applied_microeconometrics/as
signment_3/assignment_3_files/figure-latex/hist_25543eed3088.pdf Graphic file (
type pdf)
<use D:/Files/Git Projects/ti_git_projects/year_2/applied_microeconometrics/ass
ignment_3/assignment_3_files/figure-latex/hist_25543eed3088.pdf>
Package pdftex.def Info: D:/Files/Git Projects/ti_git_projects/year_2/applied_m
icroeconometrics/assignment_3/assignment_3_files/figure-latex/hist_25543eed3088
.pdf  used on input line 448.
(pdftex.def)             Requested size: 48.42024pt x 12.10504pt.
<D:/Files/Git Projects/ti_git_projects/year_2/applied_microeconometrics/assignm
ent_3/assignment_3_files/figure-latex/boxplot_255476b67066.pdf, id=61, 48.18pt 
x 12.045pt>
File: D:/Files/Git Projects/ti_git_projects/year_2/applied_microeconometrics/as
signment_3/assignment_3_files/figure-latex/boxplot_255476b67066.pdf Graphic fil
e (type pdf)
<use D:/Files/Git Projects/ti_git_projects/year_2/applied_microeconometrics/ass
ignment_3/assignment_3_files/figure-latex/boxplot_255476b67066.pdf>
Package pdftex.def Info: D:/Files/Git Projects/ti_git_projects/year_2/applied_m
icroeconometrics/assignment_3/assignment_3_files/figure-latex/boxplot_255476b67
066.pdf  used on input line 449.
(pdftex.def)             Requested size: 48.42024pt x 12.10504pt.
<D:/Files/Git Projects/ti_git_projects/year_2/applied_microeconometrics/assignm
ent_3/assignment_3_files/figure-latex/hist_255438e95eba.pdf, id=62, 48.18pt x 1
2.045pt>
File: D:/Files/Git Projects/ti_git_projects/year_2/applied_microeconometrics/as
signment_3/assignment_3_files/figure-latex/hist_255438e95eba.pdf Graphic file (
type pdf)
<use D:/Files/Git Projects/ti_git_projects/year_2/applied_microeconometrics/ass
ignment_3/assignment_3_files/figure-latex/hist_255438e95eba.pdf>
Package pdftex.def Info: D:/Files/Git Projects/ti_git_projects/year_2/applied_m
icroeconometrics/assignment_3/assignment_3_files/figure-latex/hist_255438e95eba
.pdf  used on input line 449.
(pdftex.def)             Requested size: 48.42024pt x 12.10504pt.
<D:/Files/Git Projects/ti_git_projects/year_2/applied_microeconometrics/assignm
ent_3/assignment_3_files/figure-latex/boxplot_2554438524dd.pdf, id=63, 48.18pt 
x 12.045pt>
File: D:/Files/Git Projects/ti_git_projects/year_2/applied_microeconometrics/as
signment_3/assignment_3_files/figure-latex/boxplot_2554438524dd.pdf Graphic fil
e (type pdf)
<use D:/Files/Git Projects/ti_git_projects/year_2/applied_microeconometrics/ass
ignment_3/assignment_3_files/figure-latex/boxplot_2554438524dd.pdf>
Package pdftex.def Info: D:/Files/Git Projects/ti_git_projects/year_2/applied_m
icroeconometrics/assignment_3/assignment_3_files/figure-latex/boxplot_255443852
4dd.pdf  used on input line 449.
(pdftex.def)             Requested size: 48.42024pt x 12.10504pt.
<D:/Files/Git Projects/ti_git_projects/year_2/applied_microeconometrics/assignm
ent_3/assignment_3_files/figure-latex/hist_25542213a62.pdf, id=64, 48.18pt x 12
.045pt>
File: D:/Files/Git Projects/ti_git_projects/year_2/applied_microeconometrics/as
signment_3/assignment_3_files/figure-latex/hist_25542213a62.pdf Graphic file (t
ype pdf)
<use D:/Files/Git Projects/ti_git_projects/year_2/applied_microeconometrics/ass
ignment_3/assignment_3_files/figure-latex/hist_25542213a62.pdf>
Package pdftex.def Info: D:/Files/Git Projects/ti_git_projects/year_2/applied_m
icroeconometrics/assignment_3/assignment_3_files/figure-latex/hist_25542213a62.
pdf  used on input line 449.
(pdftex.def)             Requested size: 48.42024pt x 12.10504pt.
<D:/Files/Git Projects/ti_git_projects/year_2/applied_microeconometrics/assignm
ent_3/assignment_3_files/figure-latex/boxplot_25542c6b2fc1.pdf, id=65, 48.18pt 
x 12.045pt>
File: D:/Files/Git Projects/ti_git_projects/year_2/applied_microeconometrics/as
signment_3/assignment_3_files/figure-latex/boxplot_25542c6b2fc1.pdf Graphic fil
e (type pdf)
<use D:/Files/Git Projects/ti_git_projects/year_2/applied_microeconometrics/ass
ignment_3/assignment_3_files/figure-latex/boxplot_25542c6b2fc1.pdf>
Package pdftex.def Info: D:/Files/Git Projects/ti_git_projects/year_2/applied_m
icroeconometrics/assignment_3/assignment_3_files/figure-latex/boxplot_25542c6b2
fc1.pdf  used on input line 450.
(pdftex.def)             Requested size: 48.42024pt x 12.10504pt.
<D:/Files/Git Projects/ti_git_projects/year_2/applied_microeconometrics/assignm
ent_3/assignment_3_files/figure-latex/hist_25544f3654fb.pdf, id=66, 48.18pt x 1
2.045pt>
File: D:/Files/Git Projects/ti_git_projects/year_2/applied_microeconometrics/as
signment_3/assignment_3_files/figure-latex/hist_25544f3654fb.pdf Graphic file (
type pdf)
<use D:/Files/Git Projects/ti_git_projects/year_2/applied_microeconometrics/ass
ignment_3/assignment_3_files/figure-latex/hist_25544f3654fb.pdf>
Package pdftex.def Info: D:/Files/Git Projects/ti_git_projects/year_2/applied_m
icroeconometrics/assignment_3/assignment_3_files/figure-latex/hist_25544f3654fb
.pdf  used on input line 450.
(pdftex.def)             Requested size: 48.42024pt x 12.10504pt.
<D:/Files/Git Projects/ti_git_projects/year_2/applied_microeconometrics/assignm
ent_3/assignment_3_files/figure-latex/boxplot_255431a0560.pdf, id=67, 48.18pt x
 12.045pt>
File: D:/Files/Git Projects/ti_git_projects/year_2/applied_microeconometrics/as
signment_3/assignment_3_files/figure-latex/boxplot_255431a0560.pdf Graphic file
 (type pdf)
<use D:/Files/Git Projects/ti_git_projects/year_2/applied_microeconometrics/ass
ignment_3/assignment_3_files/figure-latex/boxplot_255431a0560.pdf>
Package pdftex.def Info: D:/Files/Git Projects/ti_git_projects/year_2/applied_m
icroeconometrics/assignment_3/assignment_3_files/figure-latex/boxplot_255431a05
60.pdf  used on input line 450.
(pdftex.def)             Requested size: 48.42024pt x 12.10504pt.
<D:/Files/Git Projects/ti_git_projects/year_2/applied_microeconometrics/assignm
ent_3/assignment_3_files/figure-latex/hist_255442286b63.pdf, id=68, 48.18pt x 1
2.045pt>
File: D:/Files/Git Projects/ti_git_projects/year_2/applied_microeconometrics/as
signment_3/assignment_3_files/figure-latex/hist_255442286b63.pdf Graphic file (
type pdf)
<use D:/Files/Git Projects/ti_git_projects/year_2/applied_microeconometrics/ass
ignment_3/assignment_3_files/figure-latex/hist_255442286b63.pdf>
Package pdftex.def Info: D:/Files/Git Projects/ti_git_projects/year_2/applied_m
icroeconometrics/assignment_3/assignment_3_files/figure-latex/hist_255442286b63
.pdf  used on input line 450.
(pdftex.def)             Requested size: 48.42024pt x 12.10504pt.
<D:/Files/Git Projects/ti_git_projects/year_2/applied_microeconometrics/assignm
ent_3/assignment_3_files/figure-latex/boxplot_2554586228de.pdf, id=69, 48.18pt 
x 12.045pt>
File: D:/Files/Git Projects/ti_git_projects/year_2/applied_microeconometrics/as
signment_3/assignment_3_files/figure-latex/boxplot_2554586228de.pdf Graphic fil
e (type pdf)
<use D:/Files/Git Projects/ti_git_projects/year_2/applied_microeconometrics/ass
ignment_3/assignment_3_files/figure-latex/boxplot_2554586228de.pdf>
Package pdftex.def Info: D:/Files/Git Projects/ti_git_projects/year_2/applied_m
icroeconometrics/assignment_3/assignment_3_files/figure-latex/boxplot_255458622
8de.pdf  used on input line 451.
(pdftex.def)             Requested size: 48.42024pt x 12.10504pt.
<D:/Files/Git Projects/ti_git_projects/year_2/applied_microeconometrics/assignm
ent_3/assignment_3_files/figure-latex/hist_255467ed2e4.pdf, id=70, 48.18pt x 12
.045pt>
File: D:/Files/Git Projects/ti_git_projects/year_2/applied_microeconometrics/as
signment_3/assignment_3_files/figure-latex/hist_255467ed2e4.pdf Graphic file (t
ype pdf)
<use D:/Files/Git Projects/ti_git_projects/year_2/applied_microeconometrics/ass
ignment_3/assignment_3_files/figure-latex/hist_255467ed2e4.pdf>
Package pdftex.def Info: D:/Files/Git Projects/ti_git_projects/year_2/applied_m
icroeconometrics/assignment_3/assignment_3_files/figure-latex/hist_255467ed2e4.
pdf  used on input line 451.
(pdftex.def)             Requested size: 48.42024pt x 12.10504pt.
<D:/Files/Git Projects/ti_git_projects/year_2/applied_microeconometrics/assignm
ent_3/assignment_3_files/figure-latex/boxplot_2554ed0383.pdf, id=71, 48.18pt x 
12.045pt>
File: D:/Files/Git Projects/ti_git_projects/year_2/applied_microeconometrics/as
signment_3/assignment_3_files/figure-latex/boxplot_2554ed0383.pdf Graphic file 
(type pdf)
<use D:/Files/Git Projects/ti_git_projects/year_2/applied_microeconometrics/ass
ignment_3/assignment_3_files/figure-latex/boxplot_2554ed0383.pdf>
Package pdftex.def Info: D:/Files/Git Projects/ti_git_projects/year_2/applied_m
icroeconometrics/assignment_3/assignment_3_files/figure-latex/boxplot_2554ed038
3.pdf  used on input line 451.
(pdftex.def)             Requested size: 48.42024pt x 12.10504pt.
<D:/Files/Git Projects/ti_git_projects/year_2/applied_microeconometrics/assignm
ent_3/assignment_3_files/figure-latex/hist_255487723d.pdf, id=72, 48.18pt x 12.
045pt>
File: D:/Files/Git Projects/ti_git_projects/year_2/applied_microeconometrics/as
signment_3/assignment_3_files/figure-latex/hist_255487723d.pdf Graphic file (ty
pe pdf)
<use D:/Files/Git Projects/ti_git_projects/year_2/applied_microeconometrics/ass
ignment_3/assignment_3_files/figure-latex/hist_255487723d.pdf>
Package pdftex.def Info: D:/Files/Git Projects/ti_git_projects/year_2/applied_m
icroeconometrics/assignment_3/assignment_3_files/figure-latex/hist_255487723d.p
df  used on input line 451.
(pdftex.def)             Requested size: 48.42024pt x 12.10504pt.
<D:/Files/Git Projects/ti_git_projects/year_2/applied_microeconometrics/assignm
ent_3/assignment_3_files/figure-latex/boxplot_25544b7323f9.pdf, id=73, 48.18pt 
x 12.045pt>
File: D:/Files/Git Projects/ti_git_projects/year_2/applied_microeconometrics/as
signment_3/assignment_3_files/figure-latex/boxplot_25544b7323f9.pdf Graphic fil
e (type pdf)
<use D:/Files/Git Projects/ti_git_projects/year_2/applied_microeconometrics/ass
ignment_3/assignment_3_files/figure-latex/boxplot_25544b7323f9.pdf>
Package pdftex.def Info: D:/Files/Git Projects/ti_git_projects/year_2/applied_m
icroeconometrics/assignment_3/assignment_3_files/figure-latex/boxplot_25544b732
3f9.pdf  used on input line 452.
(pdftex.def)             Requested size: 48.42024pt x 12.10504pt.
<D:/Files/Git Projects/ti_git_projects/year_2/applied_microeconometrics/assignm
ent_3/assignment_3_files/figure-latex/hist_2554feeeb1.pdf, id=74, 48.18pt x 12.
045pt>
File: D:/Files/Git Projects/ti_git_projects/year_2/applied_microeconometrics/as
signment_3/assignment_3_files/figure-latex/hist_2554feeeb1.pdf Graphic file (ty
pe pdf)
<use D:/Files/Git Projects/ti_git_projects/year_2/applied_microeconometrics/ass
ignment_3/assignment_3_files/figure-latex/hist_2554feeeb1.pdf>
Package pdftex.def Info: D:/Files/Git Projects/ti_git_projects/year_2/applied_m
icroeconometrics/assignment_3/assignment_3_files/figure-latex/hist_2554feeeb1.p
df  used on input line 452.
(pdftex.def)             Requested size: 48.42024pt x 12.10504pt.
<D:/Files/Git Projects/ti_git_projects/year_2/applied_microeconometrics/assignm
ent_3/assignment_3_files/figure-latex/boxplot_2554c3a3dbe.pdf, id=75, 48.18pt x
 12.045pt>
File: D:/Files/Git Projects/ti_git_projects/year_2/applied_microeconometrics/as
signment_3/assignment_3_files/figure-latex/boxplot_2554c3a3dbe.pdf Graphic file
 (type pdf)
<use D:/Files/Git Projects/ti_git_projects/year_2/applied_microeconometrics/ass
ignment_3/assignment_3_files/figure-latex/boxplot_2554c3a3dbe.pdf>
Package pdftex.def Info: D:/Files/Git Projects/ti_git_projects/year_2/applied_m
icroeconometrics/assignment_3/assignment_3_files/figure-latex/boxplot_2554c3a3d
be.pdf  used on input line 452.
(pdftex.def)             Requested size: 48.42024pt x 12.10504pt.
<D:/Files/Git Projects/ti_git_projects/year_2/applied_microeconometrics/assignm
ent_3/assignment_3_files/figure-latex/hist_25545cde7d31.pdf, id=76, 48.18pt x 1
2.045pt>
File: D:/Files/Git Projects/ti_git_projects/year_2/applied_microeconometrics/as
signment_3/assignment_3_files/figure-latex/hist_25545cde7d31.pdf Graphic file (
type pdf)
<use D:/Files/Git Projects/ti_git_projects/year_2/applied_microeconometrics/ass
ignment_3/assignment_3_files/figure-latex/hist_25545cde7d31.pdf>
Package pdftex.def Info: D:/Files/Git Projects/ti_git_projects/year_2/applied_m
icroeconometrics/assignment_3/assignment_3_files/figure-latex/hist_25545cde7d31
.pdf  used on input line 452.
(pdftex.def)             Requested size: 48.42024pt x 12.10504pt.
<D:/Files/Git Projects/ti_git_projects/year_2/applied_microeconometrics/assignm
ent_3/assignment_3_files/figure-latex/boxplot_2554346573ab.pdf, id=77, 48.18pt 
x 12.045pt>
File: D:/Files/Git Projects/ti_git_projects/year_2/applied_microeconometrics/as
signment_3/assignment_3_files/figure-latex/boxplot_2554346573ab.pdf Graphic fil
e (type pdf)
<use D:/Files/Git Projects/ti_git_projects/year_2/applied_microeconometrics/ass
ignment_3/assignment_3_files/figure-latex/boxplot_2554346573ab.pdf>
Package pdftex.def Info: D:/Files/Git Projects/ti_git_projects/year_2/applied_m
icroeconometrics/assignment_3/assignment_3_files/figure-latex/boxplot_255434657
3ab.pdf  used on input line 453.
(pdftex.def)             Requested size: 48.42024pt x 12.10504pt.
<D:/Files/Git Projects/ti_git_projects/year_2/applied_microeconometrics/assignm
ent_3/assignment_3_files/figure-latex/hist_25544c5f4030.pdf, id=78, 48.18pt x 1
2.045pt>
File: D:/Files/Git Projects/ti_git_projects/year_2/applied_microeconometrics/as
signment_3/assignment_3_files/figure-latex/hist_25544c5f4030.pdf Graphic file (
type pdf)
<use D:/Files/Git Projects/ti_git_projects/year_2/applied_microeconometrics/ass
ignment_3/assignment_3_files/figure-latex/hist_25544c5f4030.pdf>
Package pdftex.def Info: D:/Files/Git Projects/ti_git_projects/year_2/applied_m
icroeconometrics/assignment_3/assignment_3_files/figure-latex/hist_25544c5f4030
.pdf  used on input line 453.
(pdftex.def)             Requested size: 48.42024pt x 12.10504pt.
<D:/Files/Git Projects/ti_git_projects/year_2/applied_microeconometrics/assignm
ent_3/assignment_3_files/figure-latex/boxplot_25541bf9be5.pdf, id=79, 48.18pt x
 12.045pt>
File: D:/Files/Git Projects/ti_git_projects/year_2/applied_microeconometrics/as
signment_3/assignment_3_files/figure-latex/boxplot_25541bf9be5.pdf Graphic file
 (type pdf)
<use D:/Files/Git Projects/ti_git_projects/year_2/applied_microeconometrics/ass
ignment_3/assignment_3_files/figure-latex/boxplot_25541bf9be5.pdf>
Package pdftex.def Info: D:/Files/Git Projects/ti_git_projects/year_2/applied_m
icroeconometrics/assignment_3/assignment_3_files/figure-latex/boxplot_25541bf9b
e5.pdf  used on input line 453.
(pdftex.def)             Requested size: 48.42024pt x 12.10504pt.
<D:/Files/Git Projects/ti_git_projects/year_2/applied_microeconometrics/assignm
ent_3/assignment_3_files/figure-latex/hist_25547703398d.pdf, id=80, 48.18pt x 1
2.045pt>
File: D:/Files/Git Projects/ti_git_projects/year_2/applied_microeconometrics/as
signment_3/assignment_3_files/figure-latex/hist_25547703398d.pdf Graphic file (
type pdf)
<use D:/Files/Git Projects/ti_git_projects/year_2/applied_microeconometrics/ass
ignment_3/assignment_3_files/figure-latex/hist_25547703398d.pdf>
Package pdftex.def Info: D:/Files/Git Projects/ti_git_projects/year_2/applied_m
icroeconometrics/assignment_3/assignment_3_files/figure-latex/hist_25547703398d
.pdf  used on input line 453.
(pdftex.def)             Requested size: 48.42024pt x 12.10504pt.
<D:/Files/Git Projects/ti_git_projects/year_2/applied_microeconometrics/assignm
ent_3/assignment_3_files/figure-latex/boxplot_25542e61756b.pdf, id=81, 48.18pt 
x 12.045pt>
File: D:/Files/Git Projects/ti_git_projects/year_2/applied_microeconometrics/as
signment_3/assignment_3_files/figure-latex/boxplot_25542e61756b.pdf Graphic fil
e (type pdf)
<use D:/Files/Git Projects/ti_git_projects/year_2/applied_microeconometrics/ass
ignment_3/assignment_3_files/figure-latex/boxplot_25542e61756b.pdf>
Package pdftex.def Info: D:/Files/Git Projects/ti_git_projects/year_2/applied_m
icroeconometrics/assignment_3/assignment_3_files/figure-latex/boxplot_25542e617
56b.pdf  used on input line 454.
(pdftex.def)             Requested size: 48.42024pt x 12.10504pt.
<D:/Files/Git Projects/ti_git_projects/year_2/applied_microeconometrics/assignm
ent_3/assignment_3_files/figure-latex/hist_255464a042c5.pdf, id=82, 48.18pt x 1
2.045pt>
File: D:/Files/Git Projects/ti_git_projects/year_2/applied_microeconometrics/as
signment_3/assignment_3_files/figure-latex/hist_255464a042c5.pdf Graphic file (
type pdf)
<use D:/Files/Git Projects/ti_git_projects/year_2/applied_microeconometrics/ass
ignment_3/assignment_3_files/figure-latex/hist_255464a042c5.pdf>
Package pdftex.def Info: D:/Files/Git Projects/ti_git_projects/year_2/applied_m
icroeconometrics/assignment_3/assignment_3_files/figure-latex/hist_255464a042c5
.pdf  used on input line 454.
(pdftex.def)             Requested size: 48.42024pt x 12.10504pt.
<D:/Files/Git Projects/ti_git_projects/year_2/applied_microeconometrics/assignm
ent_3/assignment_3_files/figure-latex/boxplot_255433596e62.pdf, id=83, 48.18pt 
x 12.045pt>
File: D:/Files/Git Projects/ti_git_projects/year_2/applied_microeconometrics/as
signment_3/assignment_3_files/figure-latex/boxplot_255433596e62.pdf Graphic fil
e (type pdf)
<use D:/Files/Git Projects/ti_git_projects/year_2/applied_microeconometrics/ass
ignment_3/assignment_3_files/figure-latex/boxplot_255433596e62.pdf>
Package pdftex.def Info: D:/Files/Git Projects/ti_git_projects/year_2/applied_m
icroeconometrics/assignment_3/assignment_3_files/figure-latex/boxplot_255433596
e62.pdf  used on input line 454.
(pdftex.def)             Requested size: 48.42024pt x 12.10504pt.
<D:/Files/Git Projects/ti_git_projects/year_2/applied_microeconometrics/assignm
ent_3/assignment_3_files/figure-latex/hist_2554240f2c73.pdf, id=84, 48.18pt x 1
2.045pt>
File: D:/Files/Git Projects/ti_git_projects/year_2/applied_microeconometrics/as
signment_3/assignment_3_files/figure-latex/hist_2554240f2c73.pdf Graphic file (
type pdf)
<use D:/Files/Git Projects/ti_git_projects/year_2/applied_microeconometrics/ass
ignment_3/assignment_3_files/figure-latex/hist_2554240f2c73.pdf>
Package pdftex.def Info: D:/Files/Git Projects/ti_git_projects/year_2/applied_m
icroeconometrics/assignment_3/assignment_3_files/figure-latex/hist_2554240f2c73
.pdf  used on input line 454.
(pdftex.def)             Requested size: 48.42024pt x 12.10504pt.
<D:/Files/Git Projects/ti_git_projects/year_2/applied_microeconometrics/assignm
ent_3/assignment_3_files/figure-latex/boxplot_255413a67b54.pdf, id=85, 48.18pt 
x 12.045pt>
File: D:/Files/Git Projects/ti_git_projects/year_2/applied_microeconometrics/as
signment_3/assignment_3_files/figure-latex/boxplot_255413a67b54.pdf Graphic fil
e (type pdf)
<use D:/Files/Git Projects/ti_git_projects/year_2/applied_microeconometrics/ass
ignment_3/assignment_3_files/figure-latex/boxplot_255413a67b54.pdf>
Package pdftex.def Info: D:/Files/Git Projects/ti_git_projects/year_2/applied_m
icroeconometrics/assignment_3/assignment_3_files/figure-latex/boxplot_255413a67
b54.pdf  used on input line 455.
(pdftex.def)             Requested size: 48.42024pt x 12.10504pt.
<D:/Files/Git Projects/ti_git_projects/year_2/applied_microeconometrics/assignm
ent_3/assignment_3_files/figure-latex/hist_255488148b2.pdf, id=86, 48.18pt x 12
.045pt>
File: D:/Files/Git Projects/ti_git_projects/year_2/applied_microeconometrics/as
signment_3/assignment_3_files/figure-latex/hist_255488148b2.pdf Graphic file (t
ype pdf)
<use D:/Files/Git Projects/ti_git_projects/year_2/applied_microeconometrics/ass
ignment_3/assignment_3_files/figure-latex/hist_255488148b2.pdf>
Package pdftex.def Info: D:/Files/Git Projects/ti_git_projects/year_2/applied_m
icroeconometrics/assignment_3/assignment_3_files/figure-latex/hist_255488148b2.
pdf  used on input line 455.
(pdftex.def)             Requested size: 48.42024pt x 12.10504pt.
<D:/Files/Git Projects/ti_git_projects/year_2/applied_microeconometrics/assignm
ent_3/assignment_3_files/figure-latex/boxplot_25547d462c1.pdf, id=87, 48.18pt x
 12.045pt>
File: D:/Files/Git Projects/ti_git_projects/year_2/applied_microeconometrics/as
signment_3/assignment_3_files/figure-latex/boxplot_25547d462c1.pdf Graphic file
 (type pdf)
<use D:/Files/Git Projects/ti_git_projects/year_2/applied_microeconometrics/ass
ignment_3/assignment_3_files/figure-latex/boxplot_25547d462c1.pdf>
Package pdftex.def Info: D:/Files/Git Projects/ti_git_projects/year_2/applied_m
icroeconometrics/assignment_3/assignment_3_files/figure-latex/boxplot_25547d462
c1.pdf  used on input line 455.
(pdftex.def)             Requested size: 48.42024pt x 12.10504pt.
<D:/Files/Git Projects/ti_git_projects/year_2/applied_microeconometrics/assignm
ent_3/assignment_3_files/figure-latex/hist_255434a718db.pdf, id=88, 48.18pt x 1
2.045pt>
File: D:/Files/Git Projects/ti_git_projects/year_2/applied_microeconometrics/as
signment_3/assignment_3_files/figure-latex/hist_255434a718db.pdf Graphic file (
type pdf)
<use D:/Files/Git Projects/ti_git_projects/year_2/applied_microeconometrics/ass
ignment_3/assignment_3_files/figure-latex/hist_255434a718db.pdf>
Package pdftex.def Info: D:/Files/Git Projects/ti_git_projects/year_2/applied_m
icroeconometrics/assignment_3/assignment_3_files/figure-latex/hist_255434a718db
.pdf  used on input line 455.
(pdftex.def)             Requested size: 48.42024pt x 12.10504pt.
<D:/Files/Git Projects/ti_git_projects/year_2/applied_microeconometrics/assignm
ent_3/assignment_3_files/figure-latex/boxplot_2554687f329.pdf, id=89, 48.18pt x
 12.045pt>
File: D:/Files/Git Projects/ti_git_projects/year_2/applied_microeconometrics/as
signment_3/assignment_3_files/figure-latex/boxplot_2554687f329.pdf Graphic file
 (type pdf)
<use D:/Files/Git Projects/ti_git_projects/year_2/applied_microeconometrics/ass
ignment_3/assignment_3_files/figure-latex/boxplot_2554687f329.pdf>
Package pdftex.def Info: D:/Files/Git Projects/ti_git_projects/year_2/applied_m
icroeconometrics/assignment_3/assignment_3_files/figure-latex/boxplot_2554687f3
29.pdf  used on input line 456.
(pdftex.def)             Requested size: 48.42024pt x 12.10504pt.
<D:/Files/Git Projects/ti_git_projects/year_2/applied_microeconometrics/assignm
ent_3/assignment_3_files/figure-latex/hist_255426b37395.pdf, id=90, 48.18pt x 1
2.045pt>
File: D:/Files/Git Projects/ti_git_projects/year_2/applied_microeconometrics/as
signment_3/assignment_3_files/figure-latex/hist_255426b37395.pdf Graphic file (
type pdf)
<use D:/Files/Git Projects/ti_git_projects/year_2/applied_microeconometrics/ass
ignment_3/assignment_3_files/figure-latex/hist_255426b37395.pdf>
Package pdftex.def Info: D:/Files/Git Projects/ti_git_projects/year_2/applied_m
icroeconometrics/assignment_3/assignment_3_files/figure-latex/hist_255426b37395
.pdf  used on input line 456.
(pdftex.def)             Requested size: 48.42024pt x 12.10504pt.
<D:/Files/Git Projects/ti_git_projects/year_2/applied_microeconometrics/assignm
ent_3/assignment_3_files/figure-latex/boxplot_255411042173.pdf, id=91, 48.18pt 
x 12.045pt>
File: D:/Files/Git Projects/ti_git_projects/year_2/applied_microeconometrics/as
signment_3/assignment_3_files/figure-latex/boxplot_255411042173.pdf Graphic fil
e (type pdf)
<use D:/Files/Git Projects/ti_git_projects/year_2/applied_microeconometrics/ass
ignment_3/assignment_3_files/figure-latex/boxplot_255411042173.pdf>
Package pdftex.def Info: D:/Files/Git Projects/ti_git_projects/year_2/applied_m
icroeconometrics/assignment_3/assignment_3_files/figure-latex/boxplot_255411042
173.pdf  used on input line 456.
(pdftex.def)             Requested size: 48.42024pt x 12.10504pt.
<D:/Files/Git Projects/ti_git_projects/year_2/applied_microeconometrics/assignm
ent_3/assignment_3_files/figure-latex/hist_255471e66db.pdf, id=92, 48.18pt x 12
.045pt>
File: D:/Files/Git Projects/ti_git_projects/year_2/applied_microeconometrics/as
signment_3/assignment_3_files/figure-latex/hist_255471e66db.pdf Graphic file (t
ype pdf)
<use D:/Files/Git Projects/ti_git_projects/year_2/applied_microeconometrics/ass
ignment_3/assignment_3_files/figure-latex/hist_255471e66db.pdf>
Package pdftex.def Info: D:/Files/Git Projects/ti_git_projects/year_2/applied_m
icroeconometrics/assignment_3/assignment_3_files/figure-latex/hist_255471e66db.
pdf  used on input line 456.
(pdftex.def)             Requested size: 48.42024pt x 12.10504pt.
[4]
<assignment_3_files/figure-latex/unnamed-chunk-8-1.pdf, id=98, 469.755pt x 325.
215pt>
File: assignment_3_files/figure-latex/unnamed-chunk-8-1.pdf Graphic file (type 
pdf)
<use assignment_3_files/figure-latex/unnamed-chunk-8-1.pdf>
Package pdftex.def Info: assignment_3_files/figure-latex/unnamed-chunk-8-1.pdf 
 used on input line 496.
(pdftex.def)             Requested size: 469.75386pt x 325.2142pt.
[5pdfTeX warning (ext4): destination with the same identifier (name{table.2}) h
as been already used, duplicate ignored
<argument> ...shipout:D \box_use:N \l_shipout_box 
                                                  \__shipout_drop_firstpage_...
l.503   U
         se propensity score matching to estimate the average treatment effect 
<d:/Files/Git Projects/ti_git_projects/year_2/applied_microeconometrics/assignm
ent_3/assignment_3_files/figure-latex/boxplot_2554450f4c30.pdf> <d:/Files/Git P
rojects/ti_git_projects/year_2/applied_microeconometrics/assignment_3/assignmen
t_3_files/figure-latex/hist_255456a6394d.pdf> <d:/Files/Git Projects/ti_git_pro
jects/year_2/applied_microeconometrics/assignment_3/assignment_3_files/figure-l
atex/boxplot_25544fbb30b8.pdf> <d:/Files/Git Projects/ti_git_projects/year_2/ap
plied_microeconometrics/assignment_3/assignment_3_files/figure-latex/hist_25547
fb02373.pdf> <d:/Files/Git Projects/ti_git_projects/year_2/applied_microeconome
trics/assignment_3/assignment_3_files/figure-latex/boxplot_255450f8780b.pdf> <d
:/Files/Git Projects/ti_git_projects/year_2/applied_microeconometrics/assignmen
t_3/assignment_3_files/figure-latex/hist_25544c946728.pdf> <d:/Files/Git Projec
ts/ti_git_projects/year_2/applied_microeconometrics/assignment_3/assignment_3_f
iles/figure-latex/boxplot_255422f964e0.pdf> <d:/Files/Git Projects/ti_git_proje
cts/year_2/applied_microeconometrics/assignment_3/assignment_3_files/figure-lat
ex/hist_25544fdd1ead.pdf> <d:/Files/Git Projects/ti_git_projects/year_2/applied
_microeconometrics/assignment_3/assignment_3_files/figure-latex/boxplot_255460b
a4655.pdf> <d:/Files/Git Projects/ti_git_projects/year_2/applied_microeconometr
ics/assignment_3/assignment_3_files/figure-latex/hist_25545f8f2501.pdf> <d:/Fil
es/Git Projects/ti_git_projects/year_2/applied_microeconometrics/assignment_3/a
ssignment_3_files/figure-latex/boxplot_25542726294.pdf> <d:/Files/Git Projects/
ti_git_projects/year_2/applied_microeconometrics/assignment_3/assignment_3_file
s/figure-latex/hist_25543c52125.pdf> <d:/Files/Git Projects/ti_git_projects/yea
r_2/applied_microeconometrics/assignment_3/assignment_3_files/figure-latex/boxp
lot_25542b1d7dfa.pdf> <d:/Files/Git Projects/ti_git_projects/year_2/applied_mic
roeconometrics/assignment_3/assignment_3_files/figure-latex/hist_25545d52bf2.pd
f> <d:/Files/Git Projects/ti_git_projects/year_2/applied_microeconometrics/assi
gnment_3/assignment_3_files/figure-latex/boxplot_25543fcc2d7.pdf> <d:/Files/Git
 Projects/ti_git_projects/year_2/applied_microeconometrics/assignment_3/assignm
ent_3_files/figure-latex/hist_2554661168d3.pdf> <d:/Files/Git Projects/ti_git_p
rojects/year_2/applied_microeconometrics/assignment_3/assignment_3_files/figure
-latex/boxplot_2554275e2f6d.pdf> <d:/Files/Git Projects/ti_git_projects/year_2/
applied_microeconometrics/assignment_3/assignment_3_files/figure-latex/hist_255
4237364d3.pdf> <d:/Files/Git Projects/ti_git_projects/year_2/applied_microecono
metrics/assignment_3/assignment_3_files/figure-latex/boxplot_25545976aab.pdf> <
d:/Files/Git Projects/ti_git_projects/year_2/applied_microeconometrics/assignme
nt_3/assignment_3_files/figure-latex/hist_25545c442466.pdf> <d:/Files/Git Proje
cts/ti_git_projects/year_2/applied_microeconometrics/assignment_3/assignment_3_
files/figure-latex/boxplot_2554662571a5.pdf> <d:/Files/Git Projects/ti_git_proj
ects/year_2/applied_microeconometrics/assignment_3/assignment_3_files/figure-la
tex/hist_2554eb816b8.pdf> <d:/Files/Git Projects/ti_git_projects/year_2/applied
_microeconometrics/assignment_3/assignment_3_files/figure-latex/boxplot_25542e6
52ed3.pdf> <d:/Files/Git Projects/ti_git_projects/year_2/applied_microeconometr
ics/assignment_3/assignment_3_files/figure-latex/hist_25543eed3088.pdf> <d:/Fil
es/Git Projects/ti_git_projects/year_2/applied_microeconometrics/assignment_3/a
ssignment_3_files/figure-latex/boxplot_255476b67066.pdf> <d:/Files/Git Projects
/ti_git_projects/year_2/applied_microeconometrics/assignment_3/assignment_3_fil
es/figure-latex/hist_255438e95eba.pdf> <d:/Files/Git Projects/ti_git_projects/y
ear_2/applied_microeconometrics/assignment_3/assignment_3_files/figure-latex/bo
xplot_2554438524dd.pdf> <d:/Files/Git Projects/ti_git_projects/year_2/applied_m
icroeconometrics/assignment_3/assignment_3_files/figure-latex/hist_25542213a62.
pdf> <d:/Files/Git Projects/ti_git_projects/year_2/applied_microeconometrics/as
signment_3/assignment_3_files/figure-latex/boxplot_25542c6b2fc1.pdf> <d:/Files/
Git Projects/ti_git_projects/year_2/applied_microeconometrics/assignment_3/assi
gnment_3_files/figure-latex/hist_25544f3654fb.pdf> <d:/Files/Git Projects/ti_gi
t_projects/year_2/applied_microeconometrics/assignment_3/assignment_3_files/fig
ure-latex/boxplot_255431a0560.pdf> <d:/Files/Git Projects/ti_git_projects/year_
2/applied_microeconometrics/assignment_3/assignment_3_files/figure-latex/hist_2
55442286b63.pdf> <d:/Files/Git Projects/ti_git_projects/year_2/applied_microeco
nometrics/assignment_3/assignment_3_files/figure-latex/boxplot_2554586228de.pdf
> <d:/Files/Git Projects/ti_git_projects/year_2/applied_microeconometrics/assig
nment_3/assignment_3_files/figure-latex/hist_255467ed2e4.pdf> <d:/Files/Git Pro
jects/ti_git_projects/year_2/applied_microeconometrics/assignment_3/assignment_
3_files/figure-latex/boxplot_2554ed0383.pdf> <d:/Files/Git Projects/ti_git_proj
ects/year_2/applied_microeconometrics/assignment_3/assignment_3_files/figure-la
tex/hist_255487723d.pdf> <d:/Files/Git Projects/ti_git_projects/year_2/applied_
microeconometrics/assignment_3/assignment_3_files/figure-latex/boxplot_25544b73
23f9.pdf> <d:/Files/Git Projects/ti_git_projects/year_2/applied_microeconometri
cs/assignment_3/assignment_3_files/figure-latex/hist_2554feeeb1.pdf> <d:/Files/
Git Projects/ti_git_projects/year_2/applied_microeconometrics/assignment_3/assi
gnment_3_files/figure-latex/boxplot_2554c3a3dbe.pdf> <d:/Files/Git Projects/ti_
git_projects/year_2/applied_microeconometrics/assignment_3/assignment_3_files/f
igure-latex/hist_25545cde7d31.pdf> <d:/Files/Git Projects/ti_git_projects/year_
2/applied_microeconometrics/assignment_3/assignment_3_files/figure-latex/boxplo
t_2554346573ab.pdf> <d:/Files/Git Projects/ti_git_projects/year_2/applied_micro
econometrics/assignment_3/assignment_3_files/figure-latex/hist_25544c5f4030.pdf
> <d:/Files/Git Projects/ti_git_projects/year_2/applied_microeconometrics/assig
nment_3/assignment_3_files/figure-latex/boxplot_25541bf9be5.pdf> <d:/Files/Git 
Projects/ti_git_projects/year_2/applied_microeconometrics/assignment_3/assignme
nt_3_files/figure-latex/hist_25547703398d.pdf> <d:/Files/Git Projects/ti_git_pr
ojects/year_2/applied_microeconometrics/assignment_3/assignment_3_files/figure-
latex/boxplot_25542e61756b.pdf> <d:/Files/Git Projects/ti_git_projects/year_2/a
pplied_microeconometrics/assignment_3/assignment_3_files/figure-latex/hist_2554
64a042c5.pdf> <d:/Files/Git Projects/ti_git_projects/year_2/applied_microeconom
etrics/assignment_3/assignment_3_files/figure-latex/boxplot_255433596e62.pdf> <
d:/Files/Git Projects/ti_git_projects/year_2/applied_microeconometrics/assignme
nt_3/assignment_3_files/figure-latex/hist_2554240f2c73.pdf> <d:/Files/Git Proje
cts/ti_git_projects/year_2/applied_microeconometrics/assignment_3/assignment_3_
files/figure-latex/boxplot_255413a67b54.pdf> <d:/Files/Git Projects/ti_git_proj
ects/year_2/applied_microeconometrics/assignment_3/assignment_3_files/figure-la
tex/hist_255488148b2.pdf> <d:/Files/Git Projects/ti_git_projects/year_2/applied
_microeconometrics/assignment_3/assignment_3_files/figure-latex/boxplot_25547d4
62c1.pdf> <d:/Files/Git Projects/ti_git_projects/year_2/applied_microeconometri
cs/assignment_3/assignment_3_files/figure-latex/hist_255434a718db.pdf> <d:/File
s/Git Projects/ti_git_projects/year_2/applied_microeconometrics/assignment_3/as
signment_3_files/figure-latex/boxplot_2554687f329.pdf> <d:/Files/Git Projects/t
i_git_projects/year_2/applied_microeconometrics/assignment_3/assignment_3_files
/figure-latex/hist_255426b37395.pdf> <d:/Files/Git Projects/ti_git_projects/yea
r_2/applied_microeconometrics/assignment_3/assignment_3_files/figure-latex/boxp
lot_255411042173.pdf> <d:/Files/Git Projects/ti_git_projects/year_2/applied_mic
roeconometrics/assignment_3/assignment_3_files/figure-latex/hist_255471e66db.pd
f>] [6 <./assignment_3_files/figure-latex/unnamed-chunk-8-1.pdf>] [7pdfTeX warn
ing (ext4): destination with the same identifier (name{table.3}) has been alrea
dy used, duplicate ignored
<argument> ...shipout:D \box_use:N \l_shipout_box 
                                                  \__shipout_drop_firstpage_...
l.640 \end{enumerate}
                     ]

LaTeX Warning: `!h' float specifier changed to `!ht'.

[8pdfTeX warning (ext4): destination with the same identifier (name{table.4}) h
as been already used, duplicate ignored
<argument> ...shipout:D \box_use:N \l_shipout_box 
                                                  \__shipout_drop_firstpage_...
l.761 \end{Shaded}
                  ] [9pdfTeX warning (ext4): destination with the same identifi
er (name{table.5}) has been already used, duplicate ignored
<argument> ...shipout:D \box_use:N \l_shipout_box 
                                                  \__shipout_drop_firstpage_...
l.837 \end{Shaded}
                  ] [10] (./assignment_3.aux)
Package rerunfilecheck Info: File `assignment_3.out' has not changed.
(rerunfilecheck)             Checksum: D41D8CD98F00B204E9800998ECF8427E;0.
 ) 
Here is how much of TeX's memory you used:
 14906 strings out of 480559
 303006 string characters out of 5901780
 575146 words of memory out of 5000000
 32192 multiletter control sequences out of 15000+600000
 448662 words of font info for 70 fonts, out of 8000000 for 9000
 14 hyphenation exceptions out of 8191
 70i,13n,81p,992b,827s stack positions out of 5000i,500n,10000p,200000b,80000s
{c:/Users/walte/AppData/Roaming/TinyTeX/texmf-dist/fonts/enc/dvips/lm/lm-math
sy.enc}{c:/Users/walte/AppData/Roaming/TinyTeX/texmf-dist/fonts/enc/dvips/lm/lm
-mathit.enc}{c:/Users/walte/AppData/Roaming/TinyTeX/texmf-dist/fonts/enc/dvips/
lm/lm-rm.enc}{c:/Users/walte/AppData/Roaming/TinyTeX/texmf-dist/fonts/enc/dvips
/lm/lm-ec.enc}{c:/Users/walte/AppData/Roaming/TinyTeX/texmf-dist/fonts/enc/dvip
s/lm/lm-ts1.enc}<c:/Users/walte/AppData/Roaming/TinyTeX/texmf-dist/fonts/type1/
public/lm/lmmi10.pfb><c:/Users/walte/AppData/Roaming/TinyTeX/texmf-dist/fonts/t
ype1/public/lm/lmmi7.pfb><c:/Users/walte/AppData/Roaming/TinyTeX/texmf-dist/fon
ts/type1/public/lm/lmmi8.pfb><c:/Users/walte/AppData/Roaming/TinyTeX/texmf-dist
/fonts/type1/public/lm/lmr10.pfb><c:/Users/walte/AppData/Roaming/TinyTeX/texmf-
dist/fonts/type1/public/lm/lmr12.pfb><c:/Users/walte/AppData/Roaming/TinyTeX/te
xmf-dist/fonts/type1/public/lm/lmr17.pfb><c:/Users/walte/AppData/Roaming/TinyTe
X/texmf-dist/fonts/type1/public/lm/lmr6.pfb><c:/Users/walte/AppData/Roaming/Tin
yTeX/texmf-dist/fonts/type1/public/lm/lmr7.pfb><c:/Users/walte/AppData/Roaming/
TinyTeX/texmf-dist/fonts/type1/public/lm/lmr8.pfb><c:/Users/walte/AppData/Roami
ng/TinyTeX/texmf-dist/fonts/type1/public/lm/lmri8.pfb><c:/Users/walte/AppData/R
oaming/TinyTeX/texmf-dist/fonts/type1/public/lm/lmsy10.pfb><c:/Users/walte/AppD
ata/Roaming/TinyTeX/texmf-dist/fonts/type1/public/lm/lmsy6.pfb><c:/Users/walte/
AppData/Roaming/TinyTeX/texmf-dist/fonts/type1/public/lm/lmsy8.pfb><c:/Users/wa
lte/AppData/Roaming/TinyTeX/texmf-dist/fonts/type1/public/lm/lmtk10.pfb><c:/Use
rs/walte/AppData/Roaming/TinyTeX/texmf-dist/fonts/type1/public/lm/lmtt10.pfb><c
:/Users/walte/AppData/Roaming/TinyTeX/texmf-dist/fonts/type1/public/lm/lmtt8.pf
b><c:/Users/walte/AppData/Roaming/TinyTeX/texmf-dist/fonts/type1/public/lm/lmtt
i10.pfb>
Output written on assignment_3.pdf (10 pages, 523162 bytes).
PDF statistics:
 399 PDF objects out of 1000 (max. 8388607)
 233 compressed objects within 3 object streams
 23 named destinations out of 1000 (max. 500000)
 286 words of extra memory for PDF output out of 10000 (max. 10000000)

